Using pre-set license
Built from '2022.2/release' branch; Version is '2022.2.3f1 (55531d7fa82e) revision 5591837'; Using compiler version '192829333'; Build Type 'Release'
OS: 'Windows 11  (10.0.22621) 64bit Core' Language: 'fr' Physical Memory: 32681 MB
BatchMode: 1, IsHumanControllingUs: 0, StartBugReporterOnCrash: 0, Is64bit: 1, IsPro: 1

COMMAND LINE ARGUMENTS:
C:\Program Files\Unity\Hub\Editor\2022.2.3f1\Editor\Unity.exe
-adb2
-batchMode
-noUpm
-name
AssetImportWorker2
-projectPath
C:/Users/ilker/Desktop/OutOfTheHood
-logFile
Logs/AssetImportWorker2.log
-srvPort
61684
Successfully changed project path to: C:/Users/ilker/Desktop/OutOfTheHood
C:/Users/ilker/Desktop/OutOfTheHood
[UnityMemory] Configuration Parameters - Can be set up in boot.config
    "memorysetup-bucket-allocator-granularity=16"
    "memorysetup-bucket-allocator-bucket-count=8"
    "memorysetup-bucket-allocator-block-size=33554432"
    "memorysetup-bucket-allocator-block-count=8"
    "memorysetup-main-allocator-block-size=16777216"
    "memorysetup-thread-allocator-block-size=16777216"
    "memorysetup-gfx-main-allocator-block-size=16777216"
    "memorysetup-gfx-thread-allocator-block-size=16777216"
    "memorysetup-cache-allocator-block-size=4194304"
    "memorysetup-typetree-allocator-block-size=2097152"
    "memorysetup-profiler-bucket-allocator-granularity=16"
    "memorysetup-profiler-bucket-allocator-bucket-count=8"
    "memorysetup-profiler-bucket-allocator-block-size=33554432"
    "memorysetup-profiler-bucket-allocator-block-count=8"
    "memorysetup-profiler-allocator-block-size=16777216"
    "memorysetup-profiler-editor-allocator-block-size=1048576"
    "memorysetup-temp-allocator-size-main=16777216"
    "memorysetup-job-temp-allocator-block-size=2097152"
    "memorysetup-job-temp-allocator-block-size-background=1048576"
    "memorysetup-job-temp-allocator-reduction-small-platforms=262144"
    "memorysetup-temp-allocator-size-background-worker=32768"
    "memorysetup-temp-allocator-size-job-worker=262144"
    "memorysetup-temp-allocator-size-preload-manager=33554432"
    "memorysetup-temp-allocator-size-nav-mesh-worker=65536"
    "memorysetup-temp-allocator-size-audio-worker=65536"
    "memorysetup-temp-allocator-size-cloud-worker=32768"
    "memorysetup-temp-allocator-size-gi-baking-worker=262144"
    "memorysetup-temp-allocator-size-gfx=262144"
Player connection [23360] Host "[IP] 192.168.1.12 [Port] 0 [Flags] 2 [Guid] 3090550483 [EditorId] 3090550483 [Version] 1048832 [Id] WindowsEditor(7,Ilker-PC) [Debug] 1 [PackageName] WindowsEditor [ProjectName] Editor" joined multi-casting on [225.0.0.222:54997]...

Player connection [23360] Host "[IP] 192.168.1.12 [Port] 0 [Flags] 2 [Guid] 3090550483 [EditorId] 3090550483 [Version] 1048832 [Id] WindowsEditor(7,Ilker-PC) [Debug] 1 [PackageName] WindowsEditor [ProjectName] Editor" joined alternative multi-casting on [225.0.0.222:34997]...

Refreshing native plugins compatible for Editor in 11.36 ms, found 3 plugins.
Preloading 0 native plugins for Editor in 0.00 ms.
Initialize engine version: 2022.2.3f1 (55531d7fa82e)
[Subsystems] Discovering subsystems at path C:/Program Files/Unity/Hub/Editor/2022.2.3f1/Editor/Data/Resources/UnitySubsystems
[Subsystems] Discovering subsystems at path C:/Users/ilker/Desktop/OutOfTheHood/Assets
GfxDevice: creating device client; threaded=0; jobified=0
Direct3D:
    Version:  Direct3D 11.0 [level 11.1]
    Renderer: NVIDIA GeForce RTX 3080 (ID=0x2216)
    Vendor:   NVIDIA
    VRAM:     10067 MB
    Driver:   31.0.15.2824
Initialize mono
Mono path[0] = 'C:/Program Files/Unity/Hub/Editor/2022.2.3f1/Editor/Data/Managed'
Mono path[1] = 'C:/Program Files/Unity/Hub/Editor/2022.2.3f1/Editor/Data/MonoBleedingEdge/lib/mono/unityjit-win32'
Mono config path = 'C:/Program Files/Unity/Hub/Editor/2022.2.3f1/Editor/Data/MonoBleedingEdge/etc'
Using monoOptions --debugger-agent=transport=dt_socket,embedding=1,server=y,suspend=n,address=127.0.0.1:56596
Begin MonoManager ReloadAssembly
Registering precompiled unity dll's ...
Register platform support module: C:/Program Files/Unity/Hub/Editor/2022.2.3f1/Editor/Data/PlaybackEngines/WindowsStandaloneSupport/UnityEditor.WindowsStandalone.Extensions.dll
Registered in 0.005389 seconds.
- Loaded All Assemblies, in  0.247 seconds
Native extension for WindowsStandalone target not found
Mono: successfully reloaded assembly
- Finished resetting the current domain, in  0.208 seconds
Domain Reload Profiling:
	ReloadAssembly (142ms)
		BeginReloadAssembly (56ms)
			ExecutionOrderSort (0ms)
			DisableScriptedObjects (0ms)
			BackupInstance (0ms)
			ReleaseScriptingObjects (0ms)
			CreateAndSetChildDomain (1ms)
		LoadAllAssembliesAndSetupDomain (0ms)
			LoadAssemblies (54ms)
			RebuildTransferFunctionScriptingTraits (0ms)
			SetupTypeCache (98ms)
				TypeCache.Initialize (98ms)
					TypeCache.ScanAssembly (96ms)
				ResolveRequiredComponents (0ms)
		FinalizeReload (0ms)
			ReleaseScriptCaches (0ms)
			RebuildScriptCaches (0ms)
			SetupLoadedEditorAssemblies (164ms)
				LogAssemblyErrors (0ms)
				InitializePlatformSupportModulesInManaged (7ms)
				SetLoadedEditorAssemblies (6ms)
				RefreshPlugins (0ms)
				BeforeProcessingInitializeOnLoad (1ms)
				ProcessInitializeOnLoadAttributes (113ms)
				ProcessInitializeOnLoadMethodAttributes (37ms)
				AfterProcessingInitializeOnLoad (0ms)
				EditorAssembliesLoaded (0ms)
			ExecutionOrderSort2 (0ms)
			AwakeInstancesAfterBackupRestoration (0ms)
========================================================================
Worker process is ready to serve import requests
Begin MonoManager ReloadAssembly
Symbol file LoadedFromMemory doesn't match image C:\Users\ilker\Desktop\OutOfTheHood\Library\PackageCache\com.unity.visualscripting@1.8.0\Editor\VisualScripting.Core\Dependencies\YamlDotNet\Unity.VisualScripting.YamlDotNet.dll
Symbol file LoadedFromMemory doesn't match image C:\Users\ilker\Desktop\OutOfTheHood\Library\PackageCache\com.unity.visualscripting@1.8.0\Editor\VisualScripting.Core\Dependencies\DotNetZip\Unity.VisualScripting.IonicZip.dll
- Loaded All Assemblies, in  1.035 seconds
Refreshing native plugins compatible for Editor in 4.67 ms, found 3 plugins.
Native extension for WindowsStandalone target not found
Error loading file Library/StateCache/LayerSettings/9e/9ecc5c3c162a7aba29bafa64c8b94b7c.json. Error: System.IO.IOException: Sharing violation on path C:\Users\ilker\Desktop\OutOfTheHood\Library\StateCache\LayerSettings\9e\9ecc5c3c162a7aba29bafa64c8b94b7c.json
  at System.IO.FileStream..ctor (System.String path, System.IO.FileMode mode, System.IO.FileAccess access, System.IO.FileShare share, System.Int32 bufferSize, System.Boolean anonymous, System.IO.FileOptions options) [0x0019e] in <0da48681ced7494d83ae6a612d2206fc>:0 
  at System.IO.FileStream..ctor (System.String path, System.IO.FileMode mode, System.IO.FileAccess access, System.IO.FileShare share, System.Int32 bufferSize, System.IO.FileOptions options) [0x00000] in <0da48681ced7494d83ae6a612d2206fc>:0 
  at (wrapper remoting-invoke-with-check) System.IO.FileStream..ctor(string,System.IO.FileMode,System.IO.FileAccess,System.IO.FileShare,int,System.IO.FileOptions)
  at System.IO.StreamReader..ctor (System.String path, System.Text.Encoding encoding, System.Boolean detectEncodingFromByteOrderMarks, System.Int32 bufferSize) [0x00055] in <0da48681ced7494d83ae6a612d2206fc>:0 
  at System.IO.StreamReader..ctor (System.String path, System.Text.Encoding encoding, System.Boolean detectEncodingFromByteOrderMarks) [0x00000] in <0da48681ced7494d83ae6a612d2206fc>:0 
  at (wrapper remoting-invoke-with-check) System.IO.StreamReader..ctor(string,System.Text.Encoding,bool)
  at System.IO.File.InternalReadAllText (System.String path, System.Text.Encoding encoding) [0x00000] in <0da48681ced7494d83ae6a612d2206fc>:0 
  at System.IO.File.ReadAllText (System.String path, System.Text.Encoding encoding) [0x00034] in <0da48681ced7494d83ae6a612d2206fc>:0 
  at UnityEditor.StateCache`1[T].GetState (UnityEngine.Hash128 key, T defaultValue) [0x00041] in <83719566e1474cd8800c02cd178db127>:0 
UnityEngine.StackTraceUtility:ExtractStackTrace ()
UnityEngine.DebugLogHandler:LogFormat (UnityEngine.LogType,UnityEngine.Object,string,object[])
UnityEngine.Logger:Log (UnityEngine.LogType,object)
UnityEngine.Debug:LogError (object)
UnityEditor.StateCache`1<UnityEditor.Tools/LayerSettings>:GetState (UnityEngine.Hash128,UnityEditor.Tools/LayerSettings)
UnityEditor.Tools:OnEnable ()
UnityEngine.ScriptableObject:CreateInstance (System.Type)
UnityEngine.ScriptableObject:CreateInstance<UnityEditor.Tools> ()
UnityEditor.Tools:get_get ()
UnityEditor.Tools:get_visibleLayers ()
UnityEditor.Animations.Rigging.BoneRendererUtils:.cctor () (at ./Library/PackageCache/com.unity.animation.rigging@1.2.0/Editor/Utils/BoneRendererUtils.cs:121)
System.Runtime.CompilerServices.RuntimeHelpers:RunClassConstructor (System.RuntimeTypeHandle)
UnityEditor.EditorAssemblies:ProcessInitializeOnLoadAttributes (System.Type[])

(Filename: ./Library/PackageCache/com.unity.animation.rigging@1.2.0/Editor/Utils/BoneRendererUtils.cs Line: 121)

[MODES] ModeService[none].Initialize
[MODES] ModeService[none].LoadModes
[MODES] Loading mode Default (0) for mode-current-id-Airport
Package Manager log level set to [2]
[Package Manager] Server::EnsureServerProcessIsRunning -- launch failed, reason: Unity was launched with the -noUpm command-line argument
[Package Manager] UpmClient::Send -- Unable to send message (not connected to UPM process).
[Package Manager] Cannot connect to Unity Package Manager local server
Mono: successfully reloaded assembly
- Finished resetting the current domain, in  1.001 seconds
Domain Reload Profiling:
	ReloadAssembly (201ms)
		BeginReloadAssembly (107ms)
			ExecutionOrderSort (0ms)
			DisableScriptedObjects (4ms)
			BackupInstance (0ms)
			ReleaseScriptingObjects (0ms)
			CreateAndSetChildDomain (19ms)
		LoadAllAssembliesAndSetupDomain (830ms)
			LoadAssemblies (107ms)
			RebuildTransferFunctionScriptingTraits (0ms)
			SetupTypeCache (767ms)
				TypeCache.Initialize (351ms)
					TypeCache.ScanAssembly (344ms)
				ResolveRequiredComponents (10ms)
		FinalizeReload (0ms)
			ReleaseScriptCaches (0ms)
			RebuildScriptCaches (0ms)
			SetupLoadedEditorAssemblies (825ms)
				LogAssemblyErrors (0ms)
				InitializePlatformSupportModulesInManaged (5ms)
				SetLoadedEditorAssemblies (7ms)
				RefreshPlugins (0ms)
				BeforeProcessingInitializeOnLoad (84ms)
				ProcessInitializeOnLoadAttributes (530ms)
				ProcessInitializeOnLoadMethodAttributes (193ms)
				AfterProcessingInitializeOnLoad (6ms)
				EditorAssembliesLoaded (0ms)
			ExecutionOrderSort2 (0ms)
			AwakeInstancesAfterBackupRestoration (4ms)
Launched and connected shader compiler UnityShaderCompiler.exe after 0.04 seconds
Refreshing native plugins compatible for Editor in 5.19 ms, found 3 plugins.
Preloading 0 native plugins for Editor in 0.00 ms.
Unloading 7234 Unused Serialized files (Serialized files now loaded: 0)
Unloading 71 unused Assets / (3.7 MB). Loaded Objects now: 7817.
Memory consumption went from 1.15 GB to 1.15 GB.
Total: 5.697100 ms (FindLiveObjects: 0.602900 ms CreateObjectMapping: 0.594200 ms MarkObjects: 3.724100 ms  DeleteObjects: 0.775200 ms)

AssetImportParameters requested are different than current active one (requested -> active):
  custom:container-demuxer-ogg: 62fdf1f143b41e24485cea50d1cbac27 -> 
  custom:framework-win-MediaFoundation: 216162199b28c13a410421893ffa2e32 -> 
  custom:container-muxer-webm: aa71ff27fc2769a1b78a27578f13a17b -> 
  custom:video-decoder-webm-vp8: 9c59270c3fd7afecdb556c50c9e8de78 -> 
  custom:AudioImporter_EditorPlatform: d09bf68614088b80899f8185d706f6e7 -> 
  custom:audio-decoder-ogg-vorbis: bf7c407c2cedff20999df2af8eb42d56 -> 
  custom:audio-encoder-webm-vorbis: bf7c407c2cedff20999df2af8eb42d56 -> 
  custom:video-decoder-ogg-theora: a1e56fd34408186e4bbccfd4996cb3dc -> 
  custom:container-demuxer-webm: 4f35f7cbe854078d1ac9338744f61a02 -> 
  custom:video-encoder-webm-vp8: eb34c28f22e8b96e1ab97ce403110664 -> 
========================================================================
Received Import Request.
  Time since last request: 2392.259696 seconds.
  path: Assets/Azerilo/HQ Racing Car Model No.1202/Prefab/Front_Wheel.prefab
  artifactKey: Guid(1bad0b4e640d16b49b442060ca129e51) Importer(815301076,1909f56bfc062723c751e8b465ee728b)
Number of updated assets reloaded before import = 0
Start importing Assets/Azerilo/HQ Racing Car Model No.1202/Prefab/Front_Wheel.prefab using Guid(1bad0b4e640d16b49b442060ca129e51) Importer(815301076,1909f56bfc062723c751e8b465ee728b)  -> (artifact id: 'edfc6037e6d3a299e9a02563a83d1955') in 0.648937 seconds 
Number of asset objects unloaded after import = 41
========================================================================
Received Import Request.
  Time since last request: 0.000039 seconds.
  path: Assets/Azerilo/HQ Racing Car Model No.1202/Prefab/Car Blue.prefab
  artifactKey: Guid(793bf8723ce4d5e4fb22bb5d8418281b) Importer(815301076,1909f56bfc062723c751e8b465ee728b)
Number of updated assets reloaded before import = 0
Start importing Assets/Azerilo/HQ Racing Car Model No.1202/Prefab/Car Blue.prefab using Guid(793bf8723ce4d5e4fb22bb5d8418281b) Importer(815301076,1909f56bfc062723c751e8b465ee728b)  -> (artifact id: '971db61cd5c9d885fbf9dc1ea5d857e6') in 0.038394 seconds 
Number of asset objects unloaded after import = 263
========================================================================
Received Import Request.
  Time since last request: 157.094732 seconds.
  path: Assets/Azerilo/HQ Racing Car Model No.1202/Mesh/Front_Wheel.fbx
  artifactKey: Guid(4d404aafee4f92c41b31282cc153e10f) Importer(815301076,1909f56bfc062723c751e8b465ee728b)
Number of updated assets reloaded before import = 0
Start importing Assets/Azerilo/HQ Racing Car Model No.1202/Mesh/Front_Wheel.fbx using Guid(4d404aafee4f92c41b31282cc153e10f) Importer(815301076,1909f56bfc062723c751e8b465ee728b)  -> (artifact id: '4f18e79468d14b3f78c752630b01f15f') in 0.246901 seconds 
Number of asset objects unloaded after import = 31
========================================================================
Received Import Request.
  Time since last request: 0.000031 seconds.
  path: Assets/Azerilo/HQ Racing Car Model No.1202/Mesh/Rear_Wheel.fbx
  artifactKey: Guid(4ae764bf13774574f8c16664b239d682) Importer(815301076,1909f56bfc062723c751e8b465ee728b)
Number of updated assets reloaded before import = 0
Start importing Assets/Azerilo/HQ Racing Car Model No.1202/Mesh/Rear_Wheel.fbx using Guid(4ae764bf13774574f8c16664b239d682) Importer(815301076,1909f56bfc062723c751e8b465ee728b)  -> (artifact id: '4d22113db42116739575f3fb3666c81e') in 0.068822 seconds 
Number of asset objects unloaded after import = 30
========================================================================
Received Import Request.
  Time since last request: 0.849139 seconds.
  path: Assets/Azerilo/HQ Racing Car Model No.1202/Material/Black.mat
  artifactKey: Guid(d6c093a3aeb12474b9110f8a6eea811e) Importer(815301076,1909f56bfc062723c751e8b465ee728b)
Number of updated assets reloaded before import = 0
Start importing Assets/Azerilo/HQ Racing Car Model No.1202/Material/Black.mat using Guid(d6c093a3aeb12474b9110f8a6eea811e) Importer(815301076,1909f56bfc062723c751e8b465ee728b)  -> (artifact id: '3dcfbda7d6af7b12b9f8aa5a7bbbc311') in 0.025028 seconds 
Number of asset objects unloaded after import = 1
========================================================================
Received Import Request.
  Time since last request: 0.000035 seconds.
  path: Assets/Azerilo/HQ Racing Car Model No.1202/Material/Handle.mat
  artifactKey: Guid(62ba763150b94cf4eb4a0b16017f6c59) Importer(815301076,1909f56bfc062723c751e8b465ee728b)
Number of updated assets reloaded before import = 0
Start importing Assets/Azerilo/HQ Racing Car Model No.1202/Material/Handle.mat using Guid(62ba763150b94cf4eb4a0b16017f6c59) Importer(815301076,1909f56bfc062723c751e8b465ee728b)  -> (artifact id: '870495b9e55e9070b8b8c1d8586cc9ff') in 0.013634 seconds 
Number of asset objects unloaded after import = 3
========================================================================
Received Import Request.
  Time since last request: 0.000029 seconds.
  path: Assets/Azerilo/HQ Racing Car Model No.1202/Material/Body.mat
  artifactKey: Guid(7d1bed27130ab714cb0d0776aca180f3) Importer(815301076,1909f56bfc062723c751e8b465ee728b)
Number of updated assets reloaded before import = 0
Start importing Assets/Azerilo/HQ Racing Car Model No.1202/Material/Body.mat using Guid(7d1bed27130ab714cb0d0776aca180f3) Importer(815301076,1909f56bfc062723c751e8b465ee728b)  -> (artifact id: '62e70b0b810fcb63677ed686ddf1b4b5') in 0.012826 seconds 
Number of asset objects unloaded after import = 1
========================================================================
Received Import Request.
  Time since last request: 0.000032 seconds.
  path: Assets/Azerilo/HQ Racing Car Model No.1202/Material/Red.mat
  artifactKey: Guid(1b2e1f310ca626a4c8b03248d8e09247) Importer(815301076,1909f56bfc062723c751e8b465ee728b)
Number of updated assets reloaded before import = 0
Start importing Assets/Azerilo/HQ Racing Car Model No.1202/Material/Red.mat using Guid(1b2e1f310ca626a4c8b03248d8e09247) Importer(815301076,1909f56bfc062723c751e8b465ee728b)  -> (artifact id: 'fb76747bfe7761be6777d15a7aaf398f') in 0.011807 seconds 
Number of asset objects unloaded after import = 1
========================================================================
Received Import Request.
  Time since last request: 0.000032 seconds.
  path: Assets/Azerilo/HQ Racing Car Model No.1202/Material/Disk.mat
  artifactKey: Guid(a39fd56e999c0d94ba5f269ba2d944fd) Importer(815301076,1909f56bfc062723c751e8b465ee728b)
Number of updated assets reloaded before import = 0
Start importing Assets/Azerilo/HQ Racing Car Model No.1202/Material/Disk.mat using Guid(a39fd56e999c0d94ba5f269ba2d944fd) Importer(815301076,1909f56bfc062723c751e8b465ee728b)  -> (artifact id: '0e26c998260b126dde087ed12929d3dc') in 0.012107 seconds 
Number of asset objects unloaded after import = 3
========================================================================
Received Import Request.
  Time since last request: 0.000038 seconds.
  path: Assets/Azerilo/HQ Racing Car Model No.1202/Material/Chrome.mat
  artifactKey: Guid(4807a4ab82b2851418c7f29e47bc193d) Importer(815301076,1909f56bfc062723c751e8b465ee728b)
Number of updated assets reloaded before import = 0
Start importing Assets/Azerilo/HQ Racing Car Model No.1202/Material/Chrome.mat using Guid(4807a4ab82b2851418c7f29e47bc193d) Importer(815301076,1909f56bfc062723c751e8b465ee728b)  -> (artifact id: '41d7510976f473a97fe1ead70482a04b') in 0.015510 seconds 
Number of asset objects unloaded after import = 1
========================================================================
Received Import Request.
  Time since last request: 0.000046 seconds.
  path: Assets/Azerilo/HQ Racing Car Model No.1202/Material/Grille.mat
  artifactKey: Guid(5209fa19df4aae042a5dc4cf36508f6e) Importer(815301076,1909f56bfc062723c751e8b465ee728b)
Number of updated assets reloaded before import = 0
Start importing Assets/Azerilo/HQ Racing Car Model No.1202/Material/Grille.mat using Guid(5209fa19df4aae042a5dc4cf36508f6e) Importer(815301076,1909f56bfc062723c751e8b465ee728b)  -> (artifact id: 'a7d9c61bec8921a9ea3d8caa4da00c29') in 0.017587 seconds 
Number of asset objects unloaded after import = 2
========================================================================
Received Import Request.
  Time since last request: 0.000046 seconds.
  path: Assets/Azerilo/HQ Racing Car Model No.1202/Material/Gray.mat
  artifactKey: Guid(970eef632d6c84643bd8a130949ef8cc) Importer(815301076,1909f56bfc062723c751e8b465ee728b)
Number of updated assets reloaded before import = 0
Start importing Assets/Azerilo/HQ Racing Car Model No.1202/Material/Gray.mat using Guid(970eef632d6c84643bd8a130949ef8cc) Importer(815301076,1909f56bfc062723c751e8b465ee728b)  -> (artifact id: '32e4620786202a9ac00b41fb56220e80') in 0.011885 seconds 
Number of asset objects unloaded after import = 1
========================================================================
Received Import Request.
  Time since last request: 0.000034 seconds.
  path: Assets/Azerilo/HQ Racing Car Model No.1202/Material/Interior.mat
  artifactKey: Guid(79cd815d76aa0e84fba3bd295e9bd10e) Importer(815301076,1909f56bfc062723c751e8b465ee728b)
Number of updated assets reloaded before import = 0
Start importing Assets/Azerilo/HQ Racing Car Model No.1202/Material/Interior.mat using Guid(79cd815d76aa0e84fba3bd295e9bd10e) Importer(815301076,1909f56bfc062723c751e8b465ee728b)  -> (artifact id: '8ce98eca71ddb5748b2a0dfc6d0f1e20') in 0.014766 seconds 
Number of asset objects unloaded after import = 2
========================================================================
Received Import Request.
  Time since last request: 0.000031 seconds.
  path: Assets/Azerilo/HQ Racing Car Model No.1202/Material/Body 2.mat
  artifactKey: Guid(1950a865d8c2a374fa8110871d61fd64) Importer(815301076,1909f56bfc062723c751e8b465ee728b)
Number of updated assets reloaded before import = 0
Start importing Assets/Azerilo/HQ Racing Car Model No.1202/Material/Body 2.mat using Guid(1950a865d8c2a374fa8110871d61fd64) Importer(815301076,1909f56bfc062723c751e8b465ee728b)  -> (artifact id: '9078867057abb27d4c2cb1ba181cbe03') in 0.011839 seconds 
Number of asset objects unloaded after import = 1
========================================================================
Received Import Request.
  Time since last request: 0.000030 seconds.
  path: Assets/Azerilo/HQ Racing Car Model No.1202/Material/Brake.mat
  artifactKey: Guid(814e0187b9bdc40449a017b699fffe60) Importer(815301076,1909f56bfc062723c751e8b465ee728b)
Number of updated assets reloaded before import = 0
Start importing Assets/Azerilo/HQ Racing Car Model No.1202/Material/Brake.mat using Guid(814e0187b9bdc40449a017b699fffe60) Importer(815301076,1909f56bfc062723c751e8b465ee728b)  -> (artifact id: 'ac959272bd079ef203547a227e0e68d6') in 0.012529 seconds 
Number of asset objects unloaded after import = 1
========================================================================
Received Import Request.
  Time since last request: 0.000029 seconds.
  path: Assets/Azerilo/HQ Racing Car Model No.1202/Material/seams 1.mat
  artifactKey: Guid(fcdb1f6c33c21b64e85ae7392467a09b) Importer(815301076,1909f56bfc062723c751e8b465ee728b)
Number of updated assets reloaded before import = 0
Start importing Assets/Azerilo/HQ Racing Car Model No.1202/Material/seams 1.mat using Guid(fcdb1f6c33c21b64e85ae7392467a09b) Importer(815301076,1909f56bfc062723c751e8b465ee728b)  -> (artifact id: '49fe3925e96f5aa77bda8df186a3dbc7') in 0.011341 seconds 
Number of asset objects unloaded after import = 1
========================================================================
Received Import Request.
  Time since last request: 1.764717 seconds.
  path: Assets/Azerilo/HQ Racing Car Model No.1202/Material/Texture
  artifactKey: Guid(32cd694c127b21341a439c6537989b8d) Importer(815301076,1909f56bfc062723c751e8b465ee728b)
Number of updated assets reloaded before import = 0
Start importing Assets/Azerilo/HQ Racing Car Model No.1202/Material/Texture using Guid(32cd694c127b21341a439c6537989b8d) Importer(815301076,1909f56bfc062723c751e8b465ee728b)  -> (artifact id: 'c1e3caafe55d172d7a1dfb27bc221ee3') in 0.002729 seconds 
Number of asset objects unloaded after import = 0
========================================================================
Received Import Request.
  Time since last request: 0.041743 seconds.
  path: Assets/Azerilo/HQ Racing Car Model No.1202/Material/Texture/Chassis_Color.png
  artifactKey: Guid(df8facec243f8e148934576996578822) Importer(815301076,1909f56bfc062723c751e8b465ee728b)
Number of updated assets reloaded before import = 0
Start importing Assets/Azerilo/HQ Racing Car Model No.1202/Material/Texture/Chassis_Color.png using Guid(df8facec243f8e148934576996578822) Importer(815301076,1909f56bfc062723c751e8b465ee728b)  -> (artifact id: '8baf167cadc2a8c849b980ce86ddc45a') in 0.041985 seconds 
Number of asset objects unloaded after import = 2
========================================================================
Received Import Request.
  Time since last request: 0.000030 seconds.
  path: Assets/Azerilo/HQ Racing Car Model No.1202/Material/Texture/Handle_Color.png
  artifactKey: Guid(6ea81fb235c20c74e9bdecafb79db97b) Importer(815301076,1909f56bfc062723c751e8b465ee728b)
Number of updated assets reloaded before import = 0
Start importing Assets/Azerilo/HQ Racing Car Model No.1202/Material/Texture/Handle_Color.png using Guid(6ea81fb235c20c74e9bdecafb79db97b) Importer(815301076,1909f56bfc062723c751e8b465ee728b)  -> (artifact id: '4e7c12d8a03a42b5b50ae47361675721') in 0.011443 seconds 
Number of asset objects unloaded after import = 2
========================================================================
Received Import Request.
  Time since last request: 0.000038 seconds.
  path: Assets/Azerilo/HQ Racing Car Model No.1202/Material/Texture/Interior_Color.png
  artifactKey: Guid(164b612acba8e344e8603af64b0bb7f2) Importer(815301076,1909f56bfc062723c751e8b465ee728b)
Number of updated assets reloaded before import = 0
Start importing Assets/Azerilo/HQ Racing Car Model No.1202/Material/Texture/Interior_Color.png using Guid(164b612acba8e344e8603af64b0bb7f2) Importer(815301076,1909f56bfc062723c751e8b465ee728b)  -> (artifact id: 'ddae93e39eb024ee2a12014d961edc6e') in 0.022443 seconds 
Number of asset objects unloaded after import = 2
========================================================================
Received Import Request.
  Time since last request: 0.000027 seconds.
  path: Assets/Azerilo/HQ Racing Car Model No.1202/Material/Texture/Tex_0156_22_normal.png
  artifactKey: Guid(7d5a60698bce8f2428612f125b917a88) Importer(815301076,1909f56bfc062723c751e8b465ee728b)
Number of updated assets reloaded before import = 0
Start importing Assets/Azerilo/HQ Racing Car Model No.1202/Material/Texture/Tex_0156_22_normal.png using Guid(7d5a60698bce8f2428612f125b917a88) Importer(815301076,1909f56bfc062723c751e8b465ee728b)  -> (artifact id: '2d16dbdc9f94d9a96bdb33a406f662be') in 0.013802 seconds 
Number of asset objects unloaded after import = 2
========================================================================
Received Import Request.
  Time since last request: 0.000031 seconds.
  path: Assets/Azerilo/HQ Racing Car Model No.1202/Material/Texture/Handle_Normal.png
  artifactKey: Guid(e12d8f76f36a5934095aa06a1e4c8576) Importer(815301076,1909f56bfc062723c751e8b465ee728b)
Number of updated assets reloaded before import = 0
Start importing Assets/Azerilo/HQ Racing Car Model No.1202/Material/Texture/Handle_Normal.png using Guid(e12d8f76f36a5934095aa06a1e4c8576) Importer(815301076,1909f56bfc062723c751e8b465ee728b)  -> (artifact id: '47f918408af78073178973700192352f') in 0.012492 seconds 
Number of asset objects unloaded after import = 2
========================================================================
Received Import Request.
  Time since last request: 104.470287 seconds.
  path: Assets/Azerilo/HQ Racing Car Model No.1202/Mesh/Materials
  artifactKey: Guid(7474bcf92d099454c82c069fbec66e39) Importer(815301076,1909f56bfc062723c751e8b465ee728b)
Number of updated assets reloaded before import = 0
Start importing Assets/Azerilo/HQ Racing Car Model No.1202/Mesh/Materials using Guid(7474bcf92d099454c82c069fbec66e39) Importer(815301076,1909f56bfc062723c751e8b465ee728b)  -> (artifact id: 'c0d19ca429ec5cbff185ce44faf62a89') in 0.002623 seconds 
Number of asset objects unloaded after import = 0
========================================================================
Received Import Request.
  Time since last request: 0.039818 seconds.
  path: Assets/Azerilo/HQ Racing Car Model No.1202/Mesh/Materials/lambert2.mat
  artifactKey: Guid(f8556cd10f913c3488f015df9d706295) Importer(815301076,1909f56bfc062723c751e8b465ee728b)
Number of updated assets reloaded before import = 0
Start importing Assets/Azerilo/HQ Racing Car Model No.1202/Mesh/Materials/lambert2.mat using Guid(f8556cd10f913c3488f015df9d706295) Importer(815301076,1909f56bfc062723c751e8b465ee728b)  -> (artifact id: 'e4713d939a9ee768c298715a26c5b29b') in 0.012466 seconds 
Number of asset objects unloaded after import = 1
========================================================================
Received Import Request.
  Time since last request: 0.000033 seconds.
  path: Assets/Azerilo/HQ Racing Car Model No.1202/Mesh/Materials/RedMat.mat
  artifactKey: Guid(daa70d9da157e184d833c5b75d610515) Importer(815301076,1909f56bfc062723c751e8b465ee728b)
Number of updated assets reloaded before import = 0
Start importing Assets/Azerilo/HQ Racing Car Model No.1202/Mesh/Materials/RedMat.mat using Guid(daa70d9da157e184d833c5b75d610515) Importer(815301076,1909f56bfc062723c751e8b465ee728b)  -> (artifact id: '774daa4d300b6776091d134346ac0507') in 0.011930 seconds 
Number of asset objects unloaded after import = 1
========================================================================
Received Import Request.
  Time since last request: 0.000032 seconds.
  path: Assets/Azerilo/HQ Racing Car Model No.1202/Mesh/Materials/Tex_0220_0_2.mat
  artifactKey: Guid(29b2f9057f19d5f49b5edc3a50f260fd) Importer(815301076,1909f56bfc062723c751e8b465ee728b)
Number of updated assets reloaded before import = 0
Start importing Assets/Azerilo/HQ Racing Car Model No.1202/Mesh/Materials/Tex_0220_0_2.mat using Guid(29b2f9057f19d5f49b5edc3a50f260fd) Importer(815301076,1909f56bfc062723c751e8b465ee728b)  -> (artifact id: '0e280d36ba560966bcb1e48f4cb0f5af') in 0.012279 seconds 
Number of asset objects unloaded after import = 1
========================================================================
Received Import Request.
  Time since last request: 0.000031 seconds.
  path: Assets/Azerilo/HQ Racing Car Model No.1202/Mesh/Materials/lambert18.mat
  artifactKey: Guid(2df797bb615e9944a9b1ee57774085fc) Importer(815301076,1909f56bfc062723c751e8b465ee728b)
Number of updated assets reloaded before import = 0
Start importing Assets/Azerilo/HQ Racing Car Model No.1202/Mesh/Materials/lambert18.mat using Guid(2df797bb615e9944a9b1ee57774085fc) Importer(815301076,1909f56bfc062723c751e8b465ee728b)  -> (artifact id: '535f2d396cada3e85bae54336433a09d') in 0.012126 seconds 
Number of asset objects unloaded after import = 1
Editor requested this worker to shutdown with reason: Scaling down because of idle timeout
TcpMessagingSession - receive error: operation aborted. errorcode: 995, details: L’opération d’entrée/sortie a été abandonnée en raison de l’arrêt d’un thread ou à la demande d’une application.
AssetImportWorker is now disconnected from the server
Process exiting
Exiting without the bug reporter. Application will terminate with return code 0