Using pre-set license
Built from '2022.2/release' branch; Version is '2022.2.3f1 (55531d7fa82e) revision 5591837'; Using compiler version '192829333'; Build Type 'Release'
OS: 'Windows 11  (10.0.22621) 64bit Core' Language: 'fr' Physical Memory: 16296 MB
BatchMode: 1, IsHumanControllingUs: 0, StartBugReporterOnCrash: 0, Is64bit: 1, IsPro: 1

COMMAND LINE ARGUMENTS:
C:\Program Files\Unity 2022.2.3f1\Editor\Unity.exe
-adb2
-batchMode
-noUpm
-name
AssetImportWorker4
-projectPath
C:/Users/rowan/Documents/Unity Projects/OutOfTheHood/AirportV2
-logFile
Logs/AssetImportWorker4.log
-srvPort
51073
Successfully changed project path to: C:/Users/rowan/Documents/Unity Projects/OutOfTheHood/AirportV2
C:/Users/rowan/Documents/Unity Projects/OutOfTheHood/AirportV2
[UnityMemory] Configuration Parameters - Can be set up in boot.config
    "memorysetup-bucket-allocator-granularity=16"
    "memorysetup-bucket-allocator-bucket-count=8"
    "memorysetup-bucket-allocator-block-size=33554432"
    "memorysetup-bucket-allocator-block-count=8"
    "memorysetup-main-allocator-block-size=16777216"
    "memorysetup-thread-allocator-block-size=16777216"
    "memorysetup-gfx-main-allocator-block-size=16777216"
    "memorysetup-gfx-thread-allocator-block-size=16777216"
    "memorysetup-cache-allocator-block-size=4194304"
    "memorysetup-typetree-allocator-block-size=2097152"
    "memorysetup-profiler-bucket-allocator-granularity=16"
    "memorysetup-profiler-bucket-allocator-bucket-count=8"
    "memorysetup-profiler-bucket-allocator-block-size=33554432"
    "memorysetup-profiler-bucket-allocator-block-count=8"
    "memorysetup-profiler-allocator-block-size=16777216"
    "memorysetup-profiler-editor-allocator-block-size=1048576"
    "memorysetup-temp-allocator-size-main=16777216"
    "memorysetup-job-temp-allocator-block-size=2097152"
    "memorysetup-job-temp-allocator-block-size-background=1048576"
    "memorysetup-job-temp-allocator-reduction-small-platforms=262144"
    "memorysetup-temp-allocator-size-background-worker=32768"
    "memorysetup-temp-allocator-size-job-worker=262144"
    "memorysetup-temp-allocator-size-preload-manager=33554432"
    "memorysetup-temp-allocator-size-nav-mesh-worker=65536"
    "memorysetup-temp-allocator-size-audio-worker=65536"
    "memorysetup-temp-allocator-size-cloud-worker=32768"
    "memorysetup-temp-allocator-size-gi-baking-worker=262144"
    "memorysetup-temp-allocator-size-gfx=262144"
Player connection [15712] Host "[IP] 192.168.1.51 [Port] 0 [Flags] 2 [Guid] 1072343905 [EditorId] 1072343905 [Version] 1048832 [Id] WindowsEditor(7,Chiefs-computer) [Debug] 1 [PackageName] WindowsEditor [ProjectName] Editor" joined multi-casting on [225.0.0.222:54997]...

Player connection [15712] Host "[IP] 192.168.1.51 [Port] 0 [Flags] 2 [Guid] 1072343905 [EditorId] 1072343905 [Version] 1048832 [Id] WindowsEditor(7,Chiefs-computer) [Debug] 1 [PackageName] WindowsEditor [ProjectName] Editor" joined alternative multi-casting on [225.0.0.222:34997]...

Refreshing native plugins compatible for Editor in 12.62 ms, found 3 plugins.
Preloading 0 native plugins for Editor in 0.00 ms.
Initialize engine version: 2022.2.3f1 (55531d7fa82e)
[Subsystems] Discovering subsystems at path C:/Program Files/Unity 2022.2.3f1/Editor/Data/Resources/UnitySubsystems
[Subsystems] Discovering subsystems at path C:/Users/rowan/Documents/Unity Projects/OutOfTheHood/AirportV2/Assets
GfxDevice: creating device client; threaded=0; jobified=0
Direct3D:
    Version:  Direct3D 11.0 [level 11.1]
    Renderer: NVIDIA GeForce RTX 3070 (ID=0x2484)
    Vendor:   NVIDIA
    VRAM:     8031 MB
    Driver:   31.0.15.2756
Initialize mono
Mono path[0] = 'C:/Program Files/Unity 2022.2.3f1/Editor/Data/Managed'
Mono path[1] = 'C:/Program Files/Unity 2022.2.3f1/Editor/Data/MonoBleedingEdge/lib/mono/unityjit-win32'
Mono config path = 'C:/Program Files/Unity 2022.2.3f1/Editor/Data/MonoBleedingEdge/etc'
Using monoOptions --debugger-agent=transport=dt_socket,embedding=1,server=y,suspend=n,address=127.0.0.1:56340
Begin MonoManager ReloadAssembly
Registering precompiled unity dll's ...
Register platform support module: C:/Program Files/Unity 2022.2.3f1/Editor/Data/PlaybackEngines/WindowsStandaloneSupport/UnityEditor.WindowsStandalone.Extensions.dll
Registered in 0.003641 seconds.
- Loaded All Assemblies, in  0.223 seconds
Native extension for WindowsStandalone target not found
Mono: successfully reloaded assembly
- Finished resetting the current domain, in  0.192 seconds
Domain Reload Profiling:
	ReloadAssembly (135ms)
		BeginReloadAssembly (55ms)
			ExecutionOrderSort (0ms)
			DisableScriptedObjects (0ms)
			BackupInstance (0ms)
			ReleaseScriptingObjects (0ms)
			CreateAndSetChildDomain (1ms)
		LoadAllAssembliesAndSetupDomain (0ms)
			LoadAssemblies (54ms)
			RebuildTransferFunctionScriptingTraits (0ms)
			SetupTypeCache (82ms)
				TypeCache.Initialize (82ms)
					TypeCache.ScanAssembly (81ms)
				ResolveRequiredComponents (0ms)
		FinalizeReload (0ms)
			ReleaseScriptCaches (0ms)
			RebuildScriptCaches (0ms)
			SetupLoadedEditorAssemblies (151ms)
				LogAssemblyErrors (0ms)
				InitializePlatformSupportModulesInManaged (6ms)
				SetLoadedEditorAssemblies (6ms)
				RefreshPlugins (0ms)
				BeforeProcessingInitializeOnLoad (1ms)
				ProcessInitializeOnLoadAttributes (103ms)
				ProcessInitializeOnLoadMethodAttributes (36ms)
				AfterProcessingInitializeOnLoad (0ms)
				EditorAssembliesLoaded (0ms)
			ExecutionOrderSort2 (0ms)
			AwakeInstancesAfterBackupRestoration (0ms)
========================================================================
Worker process is ready to serve import requests
Begin MonoManager ReloadAssembly
Symbol file LoadedFromMemory doesn't match image C:\Users\rowan\Documents\Unity Projects\OutOfTheHood\AirportV2\Library\PackageCache\com.unity.visualscripting@1.8.0\Editor\VisualScripting.Core\Dependencies\YamlDotNet\Unity.VisualScripting.YamlDotNet.dll
Symbol file LoadedFromMemory doesn't match image C:\Users\rowan\Documents\Unity Projects\OutOfTheHood\AirportV2\Library\PackageCache\com.unity.visualscripting@1.8.0\Editor\VisualScripting.Core\Dependencies\DotNetZip\Unity.VisualScripting.IonicZip.dll
- Loaded All Assemblies, in  0.855 seconds
Refreshing native plugins compatible for Editor in 3.97 ms, found 3 plugins.
Native extension for WindowsStandalone target not found
[MODES] ModeService[none].Initialize
[MODES] ModeService[none].LoadModes
[MODES] Loading mode Default (0) for mode-current-id-Airport
Package Manager log level set to [2]
[Package Manager] Server::EnsureServerProcessIsRunning -- launch failed, reason: Unity was launched with the -noUpm command-line argument
[Package Manager] UpmClient::Send -- Unable to send message (not connected to UPM process).
[Package Manager] Cannot connect to Unity Package Manager local server
Mono: successfully reloaded assembly
- Finished resetting the current domain, in  0.886 seconds
Domain Reload Profiling:
	ReloadAssembly (174ms)
		BeginReloadAssembly (90ms)
			ExecutionOrderSort (0ms)
			DisableScriptedObjects (4ms)
			BackupInstance (0ms)
			ReleaseScriptingObjects (0ms)
			CreateAndSetChildDomain (18ms)
		LoadAllAssembliesAndSetupDomain (677ms)
			LoadAssemblies (85ms)
			RebuildTransferFunctionScriptingTraits (0ms)
			SetupTypeCache (625ms)
				TypeCache.Initialize (316ms)
					TypeCache.ScanAssembly (312ms)
				ResolveRequiredComponents (10ms)
		FinalizeReload (0ms)
			ReleaseScriptCaches (0ms)
			RebuildScriptCaches (0ms)
			SetupLoadedEditorAssemblies (731ms)
				LogAssemblyErrors (0ms)
				InitializePlatformSupportModulesInManaged (4ms)
				SetLoadedEditorAssemblies (7ms)
				RefreshPlugins (0ms)
				BeforeProcessingInitializeOnLoad (86ms)
				ProcessInitializeOnLoadAttributes (457ms)
				ProcessInitializeOnLoadMethodAttributes (173ms)
				AfterProcessingInitializeOnLoad (4ms)
				EditorAssembliesLoaded (0ms)
			ExecutionOrderSort2 (0ms)
			AwakeInstancesAfterBackupRestoration (5ms)
Launched and connected shader compiler UnityShaderCompiler.exe after 0.03 seconds
Refreshing native plugins compatible for Editor in 4.36 ms, found 3 plugins.
Preloading 0 native plugins for Editor in 0.00 ms.
Unloading 7232 Unused Serialized files (Serialized files now loaded: 0)
Unloading 71 unused Assets / (3.7 MB). Loaded Objects now: 7853.
Memory consumption went from 1.17 GB to 1.16 GB.
Total: 5.050200 ms (FindLiveObjects: 0.639900 ms CreateObjectMapping: 0.631400 ms MarkObjects: 3.167300 ms  DeleteObjects: 0.611100 ms)

AssetImportParameters requested are different than current active one (requested -> active):
  custom:container-demuxer-ogg: 62fdf1f143b41e24485cea50d1cbac27 -> 
  custom:framework-win-MediaFoundation: 216162199b28c13a410421893ffa2e32 -> 
  custom:container-muxer-webm: aa71ff27fc2769a1b78a27578f13a17b -> 
  custom:video-decoder-webm-vp8: 9c59270c3fd7afecdb556c50c9e8de78 -> 
  custom:AudioImporter_EditorPlatform: d09bf68614088b80899f8185d706f6e7 -> 
  custom:audio-decoder-ogg-vorbis: bf7c407c2cedff20999df2af8eb42d56 -> 
  custom:audio-encoder-webm-vorbis: bf7c407c2cedff20999df2af8eb42d56 -> 
  custom:video-decoder-ogg-theora: a1e56fd34408186e4bbccfd4996cb3dc -> 
  custom:container-demuxer-webm: 4f35f7cbe854078d1ac9338744f61a02 -> 
  custom:video-encoder-webm-vp8: eb34c28f22e8b96e1ab97ce403110664 -> 
========================================================================
Received Import Request.
  Time since last request: 8905.819636 seconds.
  path: Assets/Clean Concrete Ground/Clean_Concrete_Ground_Material_MaskMap.png
  artifactKey: Guid(c3d7b6ad99a358c4c80dc1a21dd687a5) Importer(815301076,1909f56bfc062723c751e8b465ee728b)
Number of updated assets reloaded before import = 0
Start importing Assets/Clean Concrete Ground/Clean_Concrete_Ground_Material_MaskMap.png using Guid(c3d7b6ad99a358c4c80dc1a21dd687a5) Importer(815301076,1909f56bfc062723c751e8b465ee728b)  -> (artifact id: 'c66f3ed5e38bfa68ccc02d2df10f5276') in 0.072455 seconds 
Number of asset objects unloaded after import = 2
========================================================================
Received Import Request.
  Time since last request: 26.154956 seconds.
  path: Assets/OutPost/Resources/Assets/Materials/Light Flares/Sources/Textures/50mmflare.psd
  artifactKey: Guid(23a02ac18d11c9ffa0009c58a8ad6659) Importer(815301076,1909f56bfc062723c751e8b465ee728b)
Number of updated assets reloaded before import = 0
Start importing Assets/OutPost/Resources/Assets/Materials/Light Flares/Sources/Textures/50mmflare.psd using Guid(23a02ac18d11c9ffa0009c58a8ad6659) Importer(815301076,1909f56bfc062723c751e8b465ee728b)  -> (artifact id: '0e3eecf47542c243862594f97397a04e') in 0.015105 seconds 
Number of asset objects unloaded after import = 2
========================================================================
Received Import Request.
  Time since last request: 0.000020 seconds.
  path: Packages/com.unity.inputsystem/InputSystem/Editor/AssetEditor/Resources/pro/actionTreeBackground.png
  artifactKey: Guid(c4b66e31395c54087a2fbc13ae7e0f3c) Importer(815301076,1909f56bfc062723c751e8b465ee728b)
Number of updated assets reloaded before import = 0
Start importing Packages/com.unity.inputsystem/InputSystem/Editor/AssetEditor/Resources/pro/actionTreeBackground.png using Guid(c4b66e31395c54087a2fbc13ae7e0f3c) Importer(815301076,1909f56bfc062723c751e8b465ee728b)  -> (artifact id: '0499a63b39b8e1003c94e3d313b89b0c') in 0.010731 seconds 
Number of asset objects unloaded after import = 2
========================================================================
Received Import Request.
  Time since last request: 0.000015 seconds.
  path: Packages/com.unity.inputsystem/InputSystem/Editor/Icons/Add Binding@4x.png
  artifactKey: Guid(862c5ca31844d4a6d9aa804af982ce65) Importer(815301076,1909f56bfc062723c751e8b465ee728b)
Number of updated assets reloaded before import = 0
Start importing Packages/com.unity.inputsystem/InputSystem/Editor/Icons/Add Binding@4x.png using Guid(862c5ca31844d4a6d9aa804af982ce65) Importer(815301076,1909f56bfc062723c751e8b465ee728b)  -> (artifact id: 'bdf364694e73d8b95522f0cb19e44052') in 0.010434 seconds 
Number of asset objects unloaded after import = 2
========================================================================
Received Import Request.
  Time since last request: 0.000015 seconds.
  path: Assets/Low Poly Guns/Models/Guns/assault3/assault3_normal.png
  artifactKey: Guid(246651ca5a975ad4998634d0c534516b) Importer(815301076,1909f56bfc062723c751e8b465ee728b)
Number of updated assets reloaded before import = 0
Start importing Assets/Low Poly Guns/Models/Guns/assault3/assault3_normal.png using Guid(246651ca5a975ad4998634d0c534516b) Importer(815301076,1909f56bfc062723c751e8b465ee728b)  -> (artifact id: '61a611258af06eedc051ef89a6a10c6e') in 0.042366 seconds 
Number of asset objects unloaded after import = 2
========================================================================
Received Import Request.
  Time since last request: 0.000016 seconds.
  path: Packages/com.unity.inputsystem/InputSystem/Editor/AssetEditor/Resources/blue.png
  artifactKey: Guid(33f32142c2c2d4662be5f5274db27158) Importer(815301076,1909f56bfc062723c751e8b465ee728b)
Number of updated assets reloaded before import = 0
Start importing Packages/com.unity.inputsystem/InputSystem/Editor/AssetEditor/Resources/blue.png using Guid(33f32142c2c2d4662be5f5274db27158) Importer(815301076,1909f56bfc062723c751e8b465ee728b)  -> (artifact id: 'a1021cfe5e332585261239b9ae01aafa') in 0.008615 seconds 
Number of asset objects unloaded after import = 2
========================================================================
Received Import Request.
  Time since last request: 0.000015 seconds.
  path: Assets/Conifers [BOTD]/Shared Sources/Textures/BODT Conifer  Branches [Albedo] [Smoothness].tif
  artifactKey: Guid(5597dc21a8aed4e7ba2c0f93dc4b1d98) Importer(815301076,1909f56bfc062723c751e8b465ee728b)
Number of updated assets reloaded before import = 0
Start importing Assets/Conifers [BOTD]/Shared Sources/Textures/BODT Conifer  Branches [Albedo] [Smoothness].tif using Guid(5597dc21a8aed4e7ba2c0f93dc4b1d98) Importer(815301076,1909f56bfc062723c751e8b465ee728b)  -> (artifact id: 'ed2d07b4e1c8a5aa5741ec82ff79e631') in 0.017933 seconds 
Number of asset objects unloaded after import = 2
========================================================================
Received Import Request.
  Time since last request: 0.000025 seconds.
  path: Packages/com.unity.textmeshpro/Editor Resources/Textures/btn_AlignBaseLine.psd
  artifactKey: Guid(8bc445bb79654bf496c92d0407840a92) Importer(815301076,1909f56bfc062723c751e8b465ee728b)
Number of updated assets reloaded before import = 0
Start importing Packages/com.unity.textmeshpro/Editor Resources/Textures/btn_AlignBaseLine.psd using Guid(8bc445bb79654bf496c92d0407840a92) Importer(815301076,1909f56bfc062723c751e8b465ee728b)  -> (artifact id: '69265d5188edefaaa2b39bf945c11809') in 0.009520 seconds 
Number of asset objects unloaded after import = 2
========================================================================
Received Import Request.
  Time since last request: 0.000016 seconds.
  path: Packages/com.unity.textmeshpro/Editor Resources/Textures/btn_AlignFlush_Light.psd
  artifactKey: Guid(64b9fad609434c489c32b1cdf2004a1c) Importer(815301076,1909f56bfc062723c751e8b465ee728b)
Number of updated assets reloaded before import = 0
Start importing Packages/com.unity.textmeshpro/Editor Resources/Textures/btn_AlignFlush_Light.psd using Guid(64b9fad609434c489c32b1cdf2004a1c) Importer(815301076,1909f56bfc062723c751e8b465ee728b)  -> (artifact id: 'e9663ffbeb9f6a75c6c7f28773633b38') in 0.012186 seconds 
Number of asset objects unloaded after import = 2
========================================================================
Received Import Request.
  Time since last request: 0.000016 seconds.
  path: Packages/com.unity.textmeshpro/Editor Resources/Textures/btn_AlignMiddle_Light.psd
  artifactKey: Guid(066619c9c9c84f89acb1b48c11a7efe2) Importer(815301076,1909f56bfc062723c751e8b465ee728b)
Number of updated assets reloaded before import = 0
Start importing Packages/com.unity.textmeshpro/Editor Resources/Textures/btn_AlignMiddle_Light.psd using Guid(066619c9c9c84f89acb1b48c11a7efe2) Importer(815301076,1909f56bfc062723c751e8b465ee728b)  -> (artifact id: '55589a7835187af948b74bd5de279793') in 0.010705 seconds 
Number of asset objects unloaded after import = 2
========================================================================
Received Import Request.
  Time since last request: 0.000016 seconds.
  path: Packages/com.unity.textmeshpro/Editor Resources/Textures/btn_AlignBaseLine_Light.psd
  artifactKey: Guid(18775b51e3bd42299fd30bd036ea982f) Importer(815301076,1909f56bfc062723c751e8b465ee728b)
Number of updated assets reloaded before import = 0
Start importing Packages/com.unity.textmeshpro/Editor Resources/Textures/btn_AlignBaseLine_Light.psd using Guid(18775b51e3bd42299fd30bd036ea982f) Importer(815301076,1909f56bfc062723c751e8b465ee728b)  -> (artifact id: 'd0bf48e6b06af88cd3e1f5213a5b3067') in 0.008907 seconds 
Number of asset objects unloaded after import = 2
========================================================================
Received Import Request.
  Time since last request: 0.000022 seconds.
  path: Assets/Grass And Flowers Pack 1/Bush/Bush 6.png
  artifactKey: Guid(9441c1d70a7b1ad45adbf887f14ec1e9) Importer(815301076,1909f56bfc062723c751e8b465ee728b)
Number of updated assets reloaded before import = 0
Start importing Assets/Grass And Flowers Pack 1/Bush/Bush 6.png using Guid(9441c1d70a7b1ad45adbf887f14ec1e9) Importer(815301076,1909f56bfc062723c751e8b465ee728b)  -> (artifact id: '9a77f84f60f478ea4216dee5f7915b6d') in 0.013202 seconds 
Number of asset objects unloaded after import = 2
========================================================================
Received Import Request.
  Time since last request: 0.000019 seconds.
  path: Packages/com.unity.collab-proxy/Editor/Collaborate/Assets/Icons/back-light@2x.png
  artifactKey: Guid(f5c57327df0fa294c8209aa216435167) Importer(815301076,1909f56bfc062723c751e8b465ee728b)
Number of updated assets reloaded before import = 0
Start importing Packages/com.unity.collab-proxy/Editor/Collaborate/Assets/Icons/back-light@2x.png using Guid(f5c57327df0fa294c8209aa216435167) Importer(815301076,1909f56bfc062723c751e8b465ee728b)  -> (artifact id: 'f581835b9c84c865370ccc01d0fea6b2') in 0.012878 seconds 
Number of asset objects unloaded after import = 2
========================================================================
Received Import Request.
  Time since last request: 0.000022 seconds.
  path: Packages/com.unity.textmeshpro/Editor Resources/Textures/btn_AlignCenterGeo_Light.psd
  artifactKey: Guid(35ff0937876540d3bd4b6a941df62a92) Importer(815301076,1909f56bfc062723c751e8b465ee728b)
Number of updated assets reloaded before import = 0
Start importing Packages/com.unity.textmeshpro/Editor Resources/Textures/btn_AlignCenterGeo_Light.psd using Guid(35ff0937876540d3bd4b6a941df62a92) Importer(815301076,1909f56bfc062723c751e8b465ee728b)  -> (artifact id: '0a20f5b8e619ad9df18ddac2fb2d8517') in 0.011584 seconds 
Number of asset objects unloaded after import = 2
========================================================================
Received Import Request.
  Time since last request: 0.000024 seconds.
  path: Assets/Invector-3rdPersonController_LITE/3D Models/Others/Materials/blue_cube_MaskMap.png
  artifactKey: Guid(8dd7a3a8ead3caa4bb4292466de474c5) Importer(815301076,1909f56bfc062723c751e8b465ee728b)
Number of updated assets reloaded before import = 0
Start importing Assets/Invector-3rdPersonController_LITE/3D Models/Others/Materials/blue_cube_MaskMap.png using Guid(8dd7a3a8ead3caa4bb4292466de474c5) Importer(815301076,1909f56bfc062723c751e8b465ee728b)  -> (artifact id: 'b74281568816734dd4cb2aa64ab9b96b') in 0.011742 seconds 
Number of asset objects unloaded after import = 2
========================================================================
Received Import Request.
  Time since last request: 0.000019 seconds.
  path: Packages/com.unity.textmeshpro/Editor Resources/Textures/btn_AlignMiddle.psd
  artifactKey: Guid(41b96614b2e6494ba995ddcd252d11ae) Importer(815301076,1909f56bfc062723c751e8b465ee728b)
Number of updated assets reloaded before import = 0
Start importing Packages/com.unity.textmeshpro/Editor Resources/Textures/btn_AlignMiddle.psd using Guid(41b96614b2e6494ba995ddcd252d11ae) Importer(815301076,1909f56bfc062723c751e8b465ee728b)  -> (artifact id: 'b5e0214a3bed62ddd36eebb6edb4f6e6') in 0.010358 seconds 
Number of asset objects unloaded after import = 2
========================================================================
Received Import Request.
  Time since last request: 0.000016 seconds.
  path: Assets/Low Poly Guns/Models/Guns/assault2/assault2_diffuse.png
  artifactKey: Guid(f699987dc2b8fa147bed02b5fb7dd2c2) Importer(815301076,1909f56bfc062723c751e8b465ee728b)
Number of updated assets reloaded before import = 0
Start importing Assets/Low Poly Guns/Models/Guns/assault2/assault2_diffuse.png using Guid(f699987dc2b8fa147bed02b5fb7dd2c2) Importer(815301076,1909f56bfc062723c751e8b465ee728b)  -> (artifact id: '5ea1037b4f47effa3b28c63fd2d1fc0a') in 0.015532 seconds 
Number of asset objects unloaded after import = 2
========================================================================
Received Import Request.
  Time since last request: 0.000024 seconds.
  path: Assets/Invector-3rdPersonController_LITE/3D Models/Characters/Invector@V-Bot 2.0/Textures/Custom/Albedo_members.png
  artifactKey: Guid(03fa212867eeda149bd1ad9a7c9e57ef) Importer(815301076,1909f56bfc062723c751e8b465ee728b)
Number of updated assets reloaded before import = 0
Start importing Assets/Invector-3rdPersonController_LITE/3D Models/Characters/Invector@V-Bot 2.0/Textures/Custom/Albedo_members.png using Guid(03fa212867eeda149bd1ad9a7c9e57ef) Importer(815301076,1909f56bfc062723c751e8b465ee728b)  -> (artifact id: 'b5e80545c0648520aee0f5f5b9ab2001') in 0.022240 seconds 
Number of asset objects unloaded after import = 2
========================================================================
Received Import Request.
  Time since last request: 0.000019 seconds.
  path: Packages/com.unity.inputsystem/InputSystem/Editor/Icons/Add Binding@2x.png
  artifactKey: Guid(bb5fa99d6e9434c9ebf101c956021ee1) Importer(815301076,1909f56bfc062723c751e8b465ee728b)
Number of updated assets reloaded before import = 0
Start importing Packages/com.unity.inputsystem/InputSystem/Editor/Icons/Add Binding@2x.png using Guid(bb5fa99d6e9434c9ebf101c956021ee1) Importer(815301076,1909f56bfc062723c751e8b465ee728b)  -> (artifact id: '1dd6cf5deecec9f1ec20e684a79da706') in 0.011807 seconds 
Number of asset objects unloaded after import = 2
========================================================================
Received Import Request.
  Time since last request: 0.000016 seconds.
  path: Assets/Grass And Flowers Pack 1/Bush/Bush 1.png
  artifactKey: Guid(021e2ef4de3b13e4b85e10d230b9a52c) Importer(815301076,1909f56bfc062723c751e8b465ee728b)
Number of updated assets reloaded before import = 0
Start importing Assets/Grass And Flowers Pack 1/Bush/Bush 1.png using Guid(021e2ef4de3b13e4b85e10d230b9a52c) Importer(815301076,1909f56bfc062723c751e8b465ee728b)  -> (artifact id: 'bd329b47aeb44cab023529541d15b609') in 0.012721 seconds 
Number of asset objects unloaded after import = 2
========================================================================
Received Import Request.
  Time since last request: 0.000018 seconds.
  path: Packages/com.unity.textmeshpro/Editor Resources/Textures/btn_AlignBottom_Light.psd
  artifactKey: Guid(585b70cb75dd43efbfead809c30a1731) Importer(815301076,1909f56bfc062723c751e8b465ee728b)
Number of updated assets reloaded before import = 0
Start importing Packages/com.unity.textmeshpro/Editor Resources/Textures/btn_AlignBottom_Light.psd using Guid(585b70cb75dd43efbfead809c30a1731) Importer(815301076,1909f56bfc062723c751e8b465ee728b)  -> (artifact id: '1f9b524079dd55c9bfcdd8fe6421324e') in 0.012193 seconds 
Number of asset objects unloaded after import = 2
========================================================================
Received Import Request.
  Time since last request: 0.000035 seconds.
  path: Packages/com.unity.textmeshpro/Editor Resources/Textures/btn_AlignRight.psd
  artifactKey: Guid(342a0f8aca7f4f0691338912faec0494) Importer(815301076,1909f56bfc062723c751e8b465ee728b)
Number of updated assets reloaded before import = 0
Start importing Packages/com.unity.textmeshpro/Editor Resources/Textures/btn_AlignRight.psd using Guid(342a0f8aca7f4f0691338912faec0494) Importer(815301076,1909f56bfc062723c751e8b465ee728b)  -> (artifact id: '920364227cdce2b73470d7072e73daa1') in 0.011612 seconds 
Number of asset objects unloaded after import = 2
========================================================================
Received Import Request.
  Time since last request: 0.000016 seconds.
  path: Packages/com.unity.textmeshpro/Editor Resources/Textures/btn_AlignJustified_Light.psd
  artifactKey: Guid(fa6bd40a216346b783a4cce741d277a5) Importer(815301076,1909f56bfc062723c751e8b465ee728b)
Number of updated assets reloaded before import = 0
Start importing Packages/com.unity.textmeshpro/Editor Resources/Textures/btn_AlignJustified_Light.psd using Guid(fa6bd40a216346b783a4cce741d277a5) Importer(815301076,1909f56bfc062723c751e8b465ee728b)  -> (artifact id: '1ad643e7f131457073f067eead9cb359') in 0.010570 seconds 
Number of asset objects unloaded after import = 2
========================================================================
Received Import Request.
  Time since last request: 0.000017 seconds.
  path: Assets/Invector-3rdPersonController_LITE/Resources/builderAddon.png
  artifactKey: Guid(e292a6d3c6f4e7640849f34d8ba9dd4c) Importer(815301076,1909f56bfc062723c751e8b465ee728b)
Number of updated assets reloaded before import = 0
Start importing Assets/Invector-3rdPersonController_LITE/Resources/builderAddon.png using Guid(e292a6d3c6f4e7640849f34d8ba9dd4c) Importer(815301076,1909f56bfc062723c751e8b465ee728b)  -> (artifact id: '8c24299378b35c5f963691190f75ed58') in 0.011364 seconds 
Number of asset objects unloaded after import = 2
========================================================================
Received Import Request.
  Time since last request: 0.000025 seconds.
  path: Packages/com.unity.textmeshpro/Editor Resources/Textures/btn_AlignRight_Light.psd
  artifactKey: Guid(e05ace3bd15740cda0bad60d89092a5b) Importer(815301076,1909f56bfc062723c751e8b465ee728b)
Number of updated assets reloaded before import = 0
Start importing Packages/com.unity.textmeshpro/Editor Resources/Textures/btn_AlignRight_Light.psd using Guid(e05ace3bd15740cda0bad60d89092a5b) Importer(815301076,1909f56bfc062723c751e8b465ee728b)  -> (artifact id: 'fa5ebeaba92124c78aa3532e1f14f3a8') in 0.014487 seconds 
Number of asset objects unloaded after import = 2
========================================================================
Received Import Request.
  Time since last request: 0.000020 seconds.
  path: Assets/Conifers [BOTD]/Shared Sources/Textures/BODT Conifer Trunk [Albedo] [Smoothness].tif
  artifactKey: Guid(802f5539a44734bfcacbe5243d44edf1) Importer(815301076,1909f56bfc062723c751e8b465ee728b)
Number of updated assets reloaded before import = 0
Start importing Assets/Conifers [BOTD]/Shared Sources/Textures/BODT Conifer Trunk [Albedo] [Smoothness].tif using Guid(802f5539a44734bfcacbe5243d44edf1) Importer(815301076,1909f56bfc062723c751e8b465ee728b)  -> (artifact id: '6f730f0e4d8d61d31b9c6e2ecc9c3b85') in 0.013875 seconds 
Number of asset objects unloaded after import = 2
========================================================================
Received Import Request.
  Time since last request: 0.000016 seconds.
  path: Packages/com.unity.collab-proxy/Editor/Collaborate/Assets/Icons/back-dark.png
  artifactKey: Guid(8e3ec2dfd58b79842aa78376678a9a05) Importer(815301076,1909f56bfc062723c751e8b465ee728b)
Number of updated assets reloaded before import = 0
Start importing Packages/com.unity.collab-proxy/Editor/Collaborate/Assets/Icons/back-dark.png using Guid(8e3ec2dfd58b79842aa78376678a9a05) Importer(815301076,1909f56bfc062723c751e8b465ee728b)  -> (artifact id: 'e2e7799776abc5054d2461310a20ce4d') in 0.011160 seconds 
Number of asset objects unloaded after import = 2
========================================================================
Received Import Request.
  Time since last request: 0.000028 seconds.
  path: Packages/com.unity.collab-proxy/Editor/Collaborate/Assets/Icons/added-file-dark.png
  artifactKey: Guid(1a4f52b613391cd449af3ad2e44affeb) Importer(815301076,1909f56bfc062723c751e8b465ee728b)
Number of updated assets reloaded before import = 0
Start importing Packages/com.unity.collab-proxy/Editor/Collaborate/Assets/Icons/added-file-dark.png using Guid(1a4f52b613391cd449af3ad2e44affeb) Importer(815301076,1909f56bfc062723c751e8b465ee728b)  -> (artifact id: 'bdc2d09d6168c49c4491c6c63a0133d1') in 0.012586 seconds 
Number of asset objects unloaded after import = 2
========================================================================
Received Import Request.
  Time since last request: 0.000029 seconds.
  path: Packages/com.unity.inputsystem/InputSystem/Editor/AssetEditor/Resources/pro/actionTreeBackgroundWithoutBorder.png
  artifactKey: Guid(943deaaee9c9347e0a455aa208526c42) Importer(815301076,1909f56bfc062723c751e8b465ee728b)
Number of updated assets reloaded before import = 0
Start importing Packages/com.unity.inputsystem/InputSystem/Editor/AssetEditor/Resources/pro/actionTreeBackgroundWithoutBorder.png using Guid(943deaaee9c9347e0a455aa208526c42) Importer(815301076,1909f56bfc062723c751e8b465ee728b)  -> (artifact id: '7e768f2ae4db72ea85249b7c98d114c7') in 0.009649 seconds 
Number of asset objects unloaded after import = 2
========================================================================
Received Import Request.
  Time since last request: 0.000022 seconds.
  path: Assets/Low Poly Guns/Models/Guns/assault4/assault4_diffuse.png
  artifactKey: Guid(482cc8b3849e01e479e258dc2b8405b6) Importer(815301076,1909f56bfc062723c751e8b465ee728b)
Number of updated assets reloaded before import = 0
Start importing Assets/Low Poly Guns/Models/Guns/assault4/assault4_diffuse.png using Guid(482cc8b3849e01e479e258dc2b8405b6) Importer(815301076,1909f56bfc062723c751e8b465ee728b)  -> (artifact id: '501637101040d337b9444f3a63df0823') in 0.014337 seconds 
Number of asset objects unloaded after import = 2
========================================================================
Received Import Request.
  Time since last request: 4.165654 seconds.
  path: Assets/Invector-3rdPersonController_LITE/Scripts/CharacterCreator/Icon/CharacterTemplate.png
  artifactKey: Guid(4bf53de60edd82845b73148913d56195) Importer(815301076,1909f56bfc062723c751e8b465ee728b)
Number of updated assets reloaded before import = 0
Start importing Assets/Invector-3rdPersonController_LITE/Scripts/CharacterCreator/Icon/CharacterTemplate.png using Guid(4bf53de60edd82845b73148913d56195) Importer(815301076,1909f56bfc062723c751e8b465ee728b)  -> (artifact id: '2bbeeb9d33f60f301e3d4c1d52eb3f9c') in 0.010185 seconds 
Number of asset objects unloaded after import = 2
========================================================================
Received Import Request.
  Time since last request: 0.000016 seconds.
  path: Packages/com.unity.inputsystem/InputSystem/Editor/Icons/ChevronUp@3x.png
  artifactKey: Guid(006305b616daf47409935f3dc8a172e2) Importer(815301076,1909f56bfc062723c751e8b465ee728b)
Number of updated assets reloaded before import = 0
Start importing Packages/com.unity.inputsystem/InputSystem/Editor/Icons/ChevronUp@3x.png using Guid(006305b616daf47409935f3dc8a172e2) Importer(815301076,1909f56bfc062723c751e8b465ee728b)  -> (artifact id: 'e5740757f9821b599dbf81baf1331d78') in 0.009207 seconds 
Number of asset objects unloaded after import = 2
========================================================================
Received Import Request.
  Time since last request: 0.000016 seconds.
  path: Packages/com.unity.collab-proxy/Editor/Collaborate/Assets/Icons/choose-remote-dark.png
  artifactKey: Guid(289215d22fcafb941b9e25f8609e25b9) Importer(815301076,1909f56bfc062723c751e8b465ee728b)
Number of updated assets reloaded before import = 0
Start importing Packages/com.unity.collab-proxy/Editor/Collaborate/Assets/Icons/choose-remote-dark.png using Guid(289215d22fcafb941b9e25f8609e25b9) Importer(815301076,1909f56bfc062723c751e8b465ee728b)  -> (artifact id: 'a3c87e367dd8f32aff908a9f96fc6709') in 0.009084 seconds 
Number of asset objects unloaded after import = 2
========================================================================
Received Import Request.
  Time since last request: 0.000018 seconds.
  path: Packages/com.unity.cinemachine/Gizmos/cm_logo.png
  artifactKey: Guid(b8ba3923a6094cd48b85425f47fd7450) Importer(815301076,1909f56bfc062723c751e8b465ee728b)
Number of updated assets reloaded before import = 0
Start importing Packages/com.unity.cinemachine/Gizmos/cm_logo.png using Guid(b8ba3923a6094cd48b85425f47fd7450) Importer(815301076,1909f56bfc062723c751e8b465ee728b)  -> (artifact id: '92fafc46c807bbb573a5d86eb87b17a8') in 0.009385 seconds 
Number of asset objects unloaded after import = 2
========================================================================
Received Import Request.
  Time since last request: 0.000028 seconds.
  path: Packages/com.unity.collab-proxy/Editor/Collaborate/Assets/Icons/choose-mine-light.png
  artifactKey: Guid(2c0bdcbf152ceb64ba9b01cc370a9092) Importer(815301076,1909f56bfc062723c751e8b465ee728b)
Number of updated assets reloaded before import = 0
Start importing Packages/com.unity.collab-proxy/Editor/Collaborate/Assets/Icons/choose-mine-light.png using Guid(2c0bdcbf152ceb64ba9b01cc370a9092) Importer(815301076,1909f56bfc062723c751e8b465ee728b)  -> (artifact id: '596de03bcc92f2e0a6baa93c4a4dd12c') in 0.009686 seconds 
Number of asset objects unloaded after import = 2
========================================================================
Received Import Request.
  Time since last request: 0.000016 seconds.
  path: Packages/com.unity.collab-proxy/Editor/Collaborate/Assets/Icons/collaborate-done-light.png
  artifactKey: Guid(68d404d4616084f449a3bc644c023f2c) Importer(815301076,1909f56bfc062723c751e8b465ee728b)
Number of updated assets reloaded before import = 0
Start importing Packages/com.unity.collab-proxy/Editor/Collaborate/Assets/Icons/collaborate-done-light.png using Guid(68d404d4616084f449a3bc644c023f2c) Importer(815301076,1909f56bfc062723c751e8b465ee728b)  -> (artifact id: '992da9b11c80c4ab390abe2fc5e319dd') in 0.008400 seconds 
Number of asset objects unloaded after import = 2
========================================================================
Received Import Request.
  Time since last request: 0.000015 seconds.
  path: Packages/com.unity.collab-proxy/Editor/Collaborate/Assets/Icons/collaborate-offline-light.png
  artifactKey: Guid(5baffe5f7a6366344b7819fa35e7e030) Importer(815301076,1909f56bfc062723c751e8b465ee728b)
Number of updated assets reloaded before import = 0
Start importing Packages/com.unity.collab-proxy/Editor/Collaborate/Assets/Icons/collaborate-offline-light.png using Guid(5baffe5f7a6366344b7819fa35e7e030) Importer(815301076,1909f56bfc062723c751e8b465ee728b)  -> (artifact id: 'a4f5f3383b9c563d499942ca028e0971') in 0.010189 seconds 
Number of asset objects unloaded after import = 2
========================================================================
Received Import Request.
  Time since last request: 0.000017 seconds.
  path: Packages/com.unity.collab-proxy/Editor/Collaborate/Assets/Icons/collaborate-done-light@2x.png
  artifactKey: Guid(efbf52d7ee1264d478d63a17b943941a) Importer(815301076,1909f56bfc062723c751e8b465ee728b)
Number of updated assets reloaded before import = 0
Start importing Packages/com.unity.collab-proxy/Editor/Collaborate/Assets/Icons/collaborate-done-light@2x.png using Guid(efbf52d7ee1264d478d63a17b943941a) Importer(815301076,1909f56bfc062723c751e8b465ee728b)  -> (artifact id: '27cd57cfdb94c8f51c3fdf0acbf74277') in 0.008834 seconds 
Number of asset objects unloaded after import = 2
========================================================================
Received Import Request.
  Time since last request: 0.000019 seconds.
  path: Packages/com.unity.collab-proxy/Editor/Collaborate/Assets/Icons/collaborate-incoming-dark.png
  artifactKey: Guid(4f1f02bee0a5ae24aac00a40a212299a) Importer(815301076,1909f56bfc062723c751e8b465ee728b)
Number of updated assets reloaded before import = 0
Start importing Packages/com.unity.collab-proxy/Editor/Collaborate/Assets/Icons/collaborate-incoming-dark.png using Guid(4f1f02bee0a5ae24aac00a40a212299a) Importer(815301076,1909f56bfc062723c751e8b465ee728b)  -> (artifact id: '4b0a5629a3e8023c62c7e869ea8ee970') in 0.009908 seconds 
Number of asset objects unloaded after import = 2
========================================================================
Received Import Request.
  Time since last request: 0.000019 seconds.
  path: Packages/com.unity.collab-proxy/Editor/Collaborate/Assets/Icons/collaborate-warning-dark.png
  artifactKey: Guid(0e3edcdf6743ba643999fb3882f1cc15) Importer(815301076,1909f56bfc062723c751e8b465ee728b)
Number of updated assets reloaded before import = 0
Start importing Packages/com.unity.collab-proxy/Editor/Collaborate/Assets/Icons/collaborate-warning-dark.png using Guid(0e3edcdf6743ba643999fb3882f1cc15) Importer(815301076,1909f56bfc062723c751e8b465ee728b)  -> (artifact id: 'd638edd846455c5fa48b60870e781a22') in 0.010906 seconds 
Number of asset objects unloaded after import = 2
========================================================================
Received Import Request.
  Time since last request: 0.000016 seconds.
  path: Packages/com.unity.testtools.codecoverage/Editor/Icons/CodeCoverage.png
  artifactKey: Guid(5e4d1277a09266944b3431a0a44d0862) Importer(815301076,1909f56bfc062723c751e8b465ee728b)
Number of updated assets reloaded before import = 0
Start importing Packages/com.unity.testtools.codecoverage/Editor/Icons/CodeCoverage.png using Guid(5e4d1277a09266944b3431a0a44d0862) Importer(815301076,1909f56bfc062723c751e8b465ee728b)  -> (artifact id: 'aa6238226ebe4783ee82032f39acb10f') in 0.010626 seconds 
Number of asset objects unloaded after import = 2
========================================================================
Received Import Request.
  Time since last request: 0.000020 seconds.
  path: Packages/com.unity.collab-proxy/Editor/Collaborate/Assets/Icons/collaborate-offline-dark@2x.png
  artifactKey: Guid(c9fb8470579cf8440975e58c5df98216) Importer(815301076,1909f56bfc062723c751e8b465ee728b)
Number of updated assets reloaded before import = 0
Start importing Packages/com.unity.collab-proxy/Editor/Collaborate/Assets/Icons/collaborate-offline-dark@2x.png using Guid(c9fb8470579cf8440975e58c5df98216) Importer(815301076,1909f56bfc062723c751e8b465ee728b)  -> (artifact id: '51ab09b459e8f697326b61f2d38ced37') in 0.008853 seconds 
Number of asset objects unloaded after import = 2
========================================================================
Received Import Request.
  Time since last request: 0.000016 seconds.
  path: Packages/com.unity.collab-proxy/Editor/Collaborate/Assets/Icons/collaborate-error-dark.png
  artifactKey: Guid(3eeca90c1ad2c46499941d0901eef4c6) Importer(815301076,1909f56bfc062723c751e8b465ee728b)
Number of updated assets reloaded before import = 0
Start importing Packages/com.unity.collab-proxy/Editor/Collaborate/Assets/Icons/collaborate-error-dark.png using Guid(3eeca90c1ad2c46499941d0901eef4c6) Importer(815301076,1909f56bfc062723c751e8b465ee728b)  -> (artifact id: '469c7c8284f13e12f8c5953d7f873537') in 0.010878 seconds 
Number of asset objects unloaded after import = 2
========================================================================
Received Import Request.
  Time since last request: 0.000018 seconds.
  path: Packages/com.unity.collab-proxy/Editor/Collaborate/Assets/Icons/collaborate-done-dark.png
  artifactKey: Guid(80c31f397a3ab184bae2f0d4b3dc5c1d) Importer(815301076,1909f56bfc062723c751e8b465ee728b)
Number of updated assets reloaded before import = 0
Start importing Packages/com.unity.collab-proxy/Editor/Collaborate/Assets/Icons/collaborate-done-dark.png using Guid(80c31f397a3ab184bae2f0d4b3dc5c1d) Importer(815301076,1909f56bfc062723c751e8b465ee728b)  -> (artifact id: '504b6154f2597d5980e6873f95ab7529') in 0.011845 seconds 
Number of asset objects unloaded after import = 2
========================================================================
Received Import Request.
  Time since last request: 0.000015 seconds.
  path: Packages/com.unity.cinemachine/Editor/EditorResources/cm_logo_sm.png
  artifactKey: Guid(5f2a108eb023faf43a809979fd3d38f2) Importer(815301076,1909f56bfc062723c751e8b465ee728b)
Number of updated assets reloaded before import = 0
Start importing Packages/com.unity.cinemachine/Editor/EditorResources/cm_logo_sm.png using Guid(5f2a108eb023faf43a809979fd3d38f2) Importer(815301076,1909f56bfc062723c751e8b465ee728b)  -> (artifact id: '78280f38fe5ca635d369f84760d915c2') in 0.009474 seconds 
Number of asset objects unloaded after import = 2
========================================================================
Received Import Request.
  Time since last request: 0.000020 seconds.
  path: Assets/Invector-3rdPersonController_LITE/Resources/climbAddon.png
  artifactKey: Guid(7dab9951a4483be4c9d25bc3e32f9f85) Importer(815301076,1909f56bfc062723c751e8b465ee728b)
Number of updated assets reloaded before import = 0
Start importing Assets/Invector-3rdPersonController_LITE/Resources/climbAddon.png using Guid(7dab9951a4483be4c9d25bc3e32f9f85) Importer(815301076,1909f56bfc062723c751e8b465ee728b)  -> (artifact id: '65a84a05797ea13b77364ef144f873eb') in 0.012264 seconds 
Number of asset objects unloaded after import = 2
========================================================================
Received Import Request.
  Time since last request: 0.000019 seconds.
  path: Packages/com.unity.inputsystem/InputSystem/Editor/Icons/ChevronUp.png
  artifactKey: Guid(a9fe7c3d19af4432b9ae2a5172f4ea72) Importer(815301076,1909f56bfc062723c751e8b465ee728b)
Number of updated assets reloaded before import = 0
Start importing Packages/com.unity.inputsystem/InputSystem/Editor/Icons/ChevronUp.png using Guid(a9fe7c3d19af4432b9ae2a5172f4ea72) Importer(815301076,1909f56bfc062723c751e8b465ee728b)  -> (artifact id: 'e8fa8898d8160fbfb90f31c2e242c530') in 0.010227 seconds 
Number of asset objects unloaded after import = 2
========================================================================
Received Import Request.
  Time since last request: 0.000023 seconds.
  path: Packages/com.unity.collab-proxy/Editor/Collaborate/Assets/Icons/collaborate-incoming-dark@2x.png
  artifactKey: Guid(a9fa02cdd2d760c43a0e69ba0fa49dab) Importer(815301076,1909f56bfc062723c751e8b465ee728b)
Number of updated assets reloaded before import = 0
Start importing Packages/com.unity.collab-proxy/Editor/Collaborate/Assets/Icons/collaborate-incoming-dark@2x.png using Guid(a9fa02cdd2d760c43a0e69ba0fa49dab) Importer(815301076,1909f56bfc062723c751e8b465ee728b)  -> (artifact id: 'b6090ed72ec3d63ef8e7d18e653007a5') in 0.011010 seconds 
Number of asset objects unloaded after import = 2
========================================================================
Received Import Request.
  Time since last request: 0.000024 seconds.
  path: Packages/com.unity.collab-proxy/Editor/Collaborate/Assets/Icons/clear-dark.png
  artifactKey: Guid(432426364f0e2474b9817a7e5b9dd1c2) Importer(815301076,1909f56bfc062723c751e8b465ee728b)
Number of updated assets reloaded before import = 0
Start importing Packages/com.unity.collab-proxy/Editor/Collaborate/Assets/Icons/clear-dark.png using Guid(432426364f0e2474b9817a7e5b9dd1c2) Importer(815301076,1909f56bfc062723c751e8b465ee728b)  -> (artifact id: '97cf01022bc3309b0236cb7270529eca') in 0.012400 seconds 
Number of asset objects unloaded after import = 2
========================================================================
Received Import Request.
  Time since last request: 0.000028 seconds.
  path: Packages/com.unity.inputsystem/InputSystem/Editor/Icons/ChevronDown@4x.png
  artifactKey: Guid(d1acbe0a708dc40dc80254764e67ecfa) Importer(815301076,1909f56bfc062723c751e8b465ee728b)
Number of updated assets reloaded before import = 0
Start importing Packages/com.unity.inputsystem/InputSystem/Editor/Icons/ChevronDown@4x.png using Guid(d1acbe0a708dc40dc80254764e67ecfa) Importer(815301076,1909f56bfc062723c751e8b465ee728b)  -> (artifact id: 'feb15087999a8093fa1b1d7c3e807b1a') in 0.010387 seconds 
Number of asset objects unloaded after import = 2
========================================================================
Received Import Request.
  Time since last request: 68.948829 seconds.
  path: Assets/Clean Concrete Ground/Clean_Concrete_Ground_Material.mat
  artifactKey: Guid(e7b157cd9c94eac47aabd2bad3b41dbf) Importer(815301076,1909f56bfc062723c751e8b465ee728b)
Number of updated assets reloaded before import = 0
Start importing Assets/Clean Concrete Ground/Clean_Concrete_Ground_Material.mat using Guid(e7b157cd9c94eac47aabd2bad3b41dbf) Importer(815301076,1909f56bfc062723c751e8b465ee728b)  -> (artifact id: '41b27d94b5b15389a3b0f3b11bbdaa29') in 1.025921 seconds 
Number of asset objects unloaded after import = 11
========================================================================
Received Import Request.
  Time since last request: 328.376545 seconds.
  path: Assets/New Terrain.asset
  artifactKey: Guid(dc1ba1d2a80ab6f4eb84c91485d4fb0c) Importer(815301076,1909f56bfc062723c751e8b465ee728b)
Number of updated assets reloaded before import = 0
Start importing Assets/New Terrain.asset using Guid(dc1ba1d2a80ab6f4eb84c91485d4fb0c) Importer(815301076,1909f56bfc062723c751e8b465ee728b) The tree Oak_1_5 must use the Nature/Soft Occlusion shader. Otherwise billboarding/lighting will not work correctly.
The tree Oak_1_1 must use the Nature/Soft Occlusion shader. Otherwise billboarding/lighting will not work correctly.
 -> (artifact id: '3cbf5c575e568dbc823327d570e72a28') in 0.025834 seconds 
Number of asset objects unloaded after import = 20
========================================================================
Received Import Request.
  Time since last request: 5.481150 seconds.
  path: Assets/russian_buildings/materials/rus_build_01.mat
  artifactKey: Guid(dd729c9e6536dba43b44b5096af20cf9) Importer(815301076,1909f56bfc062723c751e8b465ee728b)
Number of updated assets reloaded before import = 0
Start importing Assets/russian_buildings/materials/rus_build_01.mat using Guid(dd729c9e6536dba43b44b5096af20cf9) Importer(815301076,1909f56bfc062723c751e8b465ee728b)  -> (artifact id: '819fda5aa8d47ebafcb885b06927450a') in 0.025500 seconds 
Number of asset objects unloaded after import = 6
========================================================================
Received Import Request.
  Time since last request: 0.000047 seconds.
  path: Assets/russian_buildings/materials/rus_build_09.mat
  artifactKey: Guid(643da363d2f851a40959e91cff586ff9) Importer(815301076,1909f56bfc062723c751e8b465ee728b)
Number of updated assets reloaded before import = 0
Start importing Assets/russian_buildings/materials/rus_build_09.mat using Guid(643da363d2f851a40959e91cff586ff9) Importer(815301076,1909f56bfc062723c751e8b465ee728b)  -> (artifact id: 'cf0536c7883a97e4667074409c12950d') in 0.020711 seconds 
Number of asset objects unloaded after import = 6
========================================================================
Received Import Request.
  Time since last request: 0.000030 seconds.
  path: Assets/russian_buildings/materials/rus_build_15.mat
  artifactKey: Guid(24e094b5cb775b5448b6b6bf86aabf60) Importer(815301076,1909f56bfc062723c751e8b465ee728b)
Number of updated assets reloaded before import = 0
Start importing Assets/russian_buildings/materials/rus_build_15.mat using Guid(24e094b5cb775b5448b6b6bf86aabf60) Importer(815301076,1909f56bfc062723c751e8b465ee728b)  -> (artifact id: '418e9b335fb70b79d39ab27adc2b77ab') in 0.017310 seconds 
Number of asset objects unloaded after import = 6
========================================================================
Received Import Request.
  Time since last request: 0.000023 seconds.
  path: Assets/russian_buildings/materials/rus_build_08.mat
  artifactKey: Guid(6040b3c6a80b26c488bc1ca7282446b3) Importer(815301076,1909f56bfc062723c751e8b465ee728b)
Number of updated assets reloaded before import = 0
Start importing Assets/russian_buildings/materials/rus_build_08.mat using Guid(6040b3c6a80b26c488bc1ca7282446b3) Importer(815301076,1909f56bfc062723c751e8b465ee728b)  -> (artifact id: 'fc68dd5e2d0109463cbed17d9f254727') in 0.022933 seconds 
Number of asset objects unloaded after import = 6
========================================================================
Received Import Request.
  Time since last request: 0.000039 seconds.
  path: Assets/russian_buildings/materials/rus_build_lod_02.mat
  artifactKey: Guid(e2c840c1583ce774a8ec106e4f4be702) Importer(815301076,1909f56bfc062723c751e8b465ee728b)
Number of updated assets reloaded before import = 0
Start importing Assets/russian_buildings/materials/rus_build_lod_02.mat using Guid(e2c840c1583ce774a8ec106e4f4be702) Importer(815301076,1909f56bfc062723c751e8b465ee728b)  -> (artifact id: '7210cb6640224a51da3665096d9766ae') in 0.018566 seconds 
Number of asset objects unloaded after import = 4
========================================================================
Received Import Request.
  Time since last request: 0.000022 seconds.
  path: Assets/russian_buildings/materials/rus_build_06.mat
  artifactKey: Guid(6e934620eb55b7e41be50e0f81d0714e) Importer(815301076,1909f56bfc062723c751e8b465ee728b)
Number of updated assets reloaded before import = 0
Start importing Assets/russian_buildings/materials/rus_build_06.mat using Guid(6e934620eb55b7e41be50e0f81d0714e) Importer(815301076,1909f56bfc062723c751e8b465ee728b)  -> (artifact id: '8c059936e2cce975cfabe0dc9bbd80c7') in 0.022191 seconds 
Number of asset objects unloaded after import = 6
========================================================================
Received Import Request.
  Time since last request: 0.000025 seconds.
  path: Assets/russian_buildings/materials/rus_build_11.mat
  artifactKey: Guid(6171ebe13a09d7d4280e545cece8044e) Importer(815301076,1909f56bfc062723c751e8b465ee728b)
Number of updated assets reloaded before import = 0
Start importing Assets/russian_buildings/materials/rus_build_11.mat using Guid(6171ebe13a09d7d4280e545cece8044e) Importer(815301076,1909f56bfc062723c751e8b465ee728b)  -> (artifact id: 'ccce7fb12de52e4b8a228973e91be2f3') in 0.020956 seconds 
Number of asset objects unloaded after import = 6
========================================================================
Received Import Request.
  Time since last request: 0.000037 seconds.
  path: Assets/russian_buildings/materials/rus_build_14.mat
  artifactKey: Guid(164c4f11352f3bb4fbe8c9288293ac14) Importer(815301076,1909f56bfc062723c751e8b465ee728b)
Number of updated assets reloaded before import = 0
Start importing Assets/russian_buildings/materials/rus_build_14.mat using Guid(164c4f11352f3bb4fbe8c9288293ac14) Importer(815301076,1909f56bfc062723c751e8b465ee728b)  -> (artifact id: '74bd6c9c14ca3d4c151f8e1f72020e79') in 0.019825 seconds 
Number of asset objects unloaded after import = 6
========================================================================
Received Import Request.
  Time since last request: 0.000026 seconds.
  path: Assets/russian_buildings/materials/rus_build_10.mat
  artifactKey: Guid(57f7cf84b930e9c438072c06a3924c83) Importer(815301076,1909f56bfc062723c751e8b465ee728b)
Number of updated assets reloaded before import = 0
Start importing Assets/russian_buildings/materials/rus_build_10.mat using Guid(57f7cf84b930e9c438072c06a3924c83) Importer(815301076,1909f56bfc062723c751e8b465ee728b)  -> (artifact id: 'e40d8c5bbc9e61e8478c9d7b00c01116') in 0.023337 seconds 
Number of asset objects unloaded after import = 6
========================================================================
Received Import Request.
  Time since last request: 0.000032 seconds.
  path: Assets/russian_buildings/materials/rus_build_lod_03.mat
  artifactKey: Guid(f585e1d7a595b4947a606c5217360c0d) Importer(815301076,1909f56bfc062723c751e8b465ee728b)
Number of updated assets reloaded before import = 0
Start importing Assets/russian_buildings/materials/rus_build_lod_03.mat using Guid(f585e1d7a595b4947a606c5217360c0d) Importer(815301076,1909f56bfc062723c751e8b465ee728b)  -> (artifact id: '00cd80106b975bedd131baa8e8cbdbd6') in 0.021644 seconds 
Number of asset objects unloaded after import = 4
========================================================================
Received Import Request.
  Time since last request: 0.000035 seconds.
  path: Assets/russian_buildings/materials/rus_build_lod_01.mat
  artifactKey: Guid(00773ef69a2a81f4fab18033027a6b90) Importer(815301076,1909f56bfc062723c751e8b465ee728b)
Number of updated assets reloaded before import = 0
Start importing Assets/russian_buildings/materials/rus_build_lod_01.mat using Guid(00773ef69a2a81f4fab18033027a6b90) Importer(815301076,1909f56bfc062723c751e8b465ee728b)  -> (artifact id: '233e3de908e6552bd3393f21d07072f8') in 0.018058 seconds 
Number of asset objects unloaded after import = 4
========================================================================
Received Import Request.
  Time since last request: 0.000029 seconds.
  path: Assets/russian_buildings/materials/rus_build_03.mat
  artifactKey: Guid(0e0f6d4b2b93c7c4293922744c5556e6) Importer(815301076,1909f56bfc062723c751e8b465ee728b)
Number of updated assets reloaded before import = 0
Start importing Assets/russian_buildings/materials/rus_build_03.mat using Guid(0e0f6d4b2b93c7c4293922744c5556e6) Importer(815301076,1909f56bfc062723c751e8b465ee728b)  -> (artifact id: '3ceb5635633435bc4351fe155be09dfd') in 0.019384 seconds 
Number of asset objects unloaded after import = 6
========================================================================
Received Import Request.
  Time since last request: 0.000027 seconds.
  path: Assets/russian_buildings/materials/rus_build_dec_01.mat
  artifactKey: Guid(4471ad104f3340348bf5fa1a99da396c) Importer(815301076,1909f56bfc062723c751e8b465ee728b)
Number of updated assets reloaded before import = 0
Start importing Assets/russian_buildings/materials/rus_build_dec_01.mat using Guid(4471ad104f3340348bf5fa1a99da396c) Importer(815301076,1909f56bfc062723c751e8b465ee728b)  -> (artifact id: 'd3a28bed9183d80d256d16031c03fecb') in 0.014994 seconds 
Number of asset objects unloaded after import = 2
========================================================================
Received Import Request.
  Time since last request: 0.000026 seconds.
  path: Assets/russian_buildings/materials/rus_build_13.mat
  artifactKey: Guid(9fa9c577cc90e484185f297dfc8f3ed2) Importer(815301076,1909f56bfc062723c751e8b465ee728b)
Number of updated assets reloaded before import = 0
Start importing Assets/russian_buildings/materials/rus_build_13.mat using Guid(9fa9c577cc90e484185f297dfc8f3ed2) Importer(815301076,1909f56bfc062723c751e8b465ee728b)  -> (artifact id: '597596dbc52a861588fa95f660cb8be3') in 0.020150 seconds 
Number of asset objects unloaded after import = 6
========================================================================
Received Import Request.
  Time since last request: 0.000030 seconds.
  path: Assets/russian_buildings/materials/rus_build_12.mat
  artifactKey: Guid(ddff7df3145ead144baf2bed8e8126cc) Importer(815301076,1909f56bfc062723c751e8b465ee728b)
Number of updated assets reloaded before import = 0
Start importing Assets/russian_buildings/materials/rus_build_12.mat using Guid(ddff7df3145ead144baf2bed8e8126cc) Importer(815301076,1909f56bfc062723c751e8b465ee728b)  -> (artifact id: 'c030ba3f190d319ea2895c992ef22d31') in 0.016937 seconds 
Number of asset objects unloaded after import = 6
========================================================================
Received Import Request.
  Time since last request: 0.000026 seconds.
  path: Assets/russian_buildings/materials/rus_build_07.mat
  artifactKey: Guid(0c23ef40be66ecd4798fde083370cf4c) Importer(815301076,1909f56bfc062723c751e8b465ee728b)
Number of updated assets reloaded before import = 0
Start importing Assets/russian_buildings/materials/rus_build_07.mat using Guid(0c23ef40be66ecd4798fde083370cf4c) Importer(815301076,1909f56bfc062723c751e8b465ee728b)  -> (artifact id: 'a38a5af2b87f0ee753b13eafca3a6030') in 0.016138 seconds 
Number of asset objects unloaded after import = 6
========================================================================
Received Import Request.
  Time since last request: 0.000039 seconds.
  path: Assets/russian_buildings/materials/rus_build_16.mat
  artifactKey: Guid(e591f535ccce70247a07f7dbcc1a0f8b) Importer(815301076,1909f56bfc062723c751e8b465ee728b)
Number of updated assets reloaded before import = 0
Start importing Assets/russian_buildings/materials/rus_build_16.mat using Guid(e591f535ccce70247a07f7dbcc1a0f8b) Importer(815301076,1909f56bfc062723c751e8b465ee728b)  -> (artifact id: '540f9a123410b4d9daf669d2a58d0ff1') in 0.019900 seconds 
Number of asset objects unloaded after import = 6
========================================================================
Received Import Request.
  Time since last request: 0.000028 seconds.
  path: Assets/russian_buildings/materials/rus_build_05.mat
  artifactKey: Guid(ae7a964e3eac04f4e9c2c7b49c45045c) Importer(815301076,1909f56bfc062723c751e8b465ee728b)
Number of updated assets reloaded before import = 0
Start importing Assets/russian_buildings/materials/rus_build_05.mat using Guid(ae7a964e3eac04f4e9c2c7b49c45045c) Importer(815301076,1909f56bfc062723c751e8b465ee728b)  -> (artifact id: '3d5f739fbbc6d3ba942d7ca421ffcf5d') in 0.025032 seconds 
Number of asset objects unloaded after import = 6
========================================================================
Received Import Request.
  Time since last request: 0.000027 seconds.
  path: Assets/russian_buildings/materials/rus_build_04.mat
  artifactKey: Guid(689b497d41598174ab938904ce0399a7) Importer(815301076,1909f56bfc062723c751e8b465ee728b)
Number of updated assets reloaded before import = 0
Start importing Assets/russian_buildings/materials/rus_build_04.mat using Guid(689b497d41598174ab938904ce0399a7) Importer(815301076,1909f56bfc062723c751e8b465ee728b)  -> (artifact id: 'dd9acf3fbc7059fb71c12ade689e8304') in 0.023873 seconds 
Number of asset objects unloaded after import = 6
========================================================================
Received Import Request.
  Time since last request: 0.000037 seconds.
  path: Assets/russian_buildings/materials/rus_build_17.mat
  artifactKey: Guid(92dea45b018811147be35ce8c1959657) Importer(815301076,1909f56bfc062723c751e8b465ee728b)
Number of updated assets reloaded before import = 0
Start importing Assets/russian_buildings/materials/rus_build_17.mat using Guid(92dea45b018811147be35ce8c1959657) Importer(815301076,1909f56bfc062723c751e8b465ee728b)  -> (artifact id: '2dc852125ee7c13af0d13564eeba1b4e') in 0.015954 seconds 
Number of asset objects unloaded after import = 6
========================================================================
Received Import Request.
  Time since last request: 2.927053 seconds.
  path: Assets/russian_buildings/prefabs/buildings
  artifactKey: Guid(6bf10c39f123b3a4e9ee3f7379d0deed) Importer(815301076,1909f56bfc062723c751e8b465ee728b)
Number of updated assets reloaded before import = 0
Start importing Assets/russian_buildings/prefabs/buildings using Guid(6bf10c39f123b3a4e9ee3f7379d0deed) Importer(815301076,1909f56bfc062723c751e8b465ee728b)  -> (artifact id: '40b409e38c502382f0a5be97e323f9c8') in 0.004595 seconds 
Number of asset objects unloaded after import = 0
========================================================================
Received Import Request.
  Time since last request: 0.037152 seconds.
  path: Assets/russian_buildings/prefabs/buildings/rus_build_2et_01.prefab
  artifactKey: Guid(839cb4cbbcc4c54459297db52332efa1) Importer(815301076,1909f56bfc062723c751e8b465ee728b)
Number of updated assets reloaded before import = 0
Start importing Assets/russian_buildings/prefabs/buildings/rus_build_2et_01.prefab using Guid(839cb4cbbcc4c54459297db52332efa1) Importer(815301076,1909f56bfc062723c751e8b465ee728b)  -> (artifact id: '471349ebc530239df624a11c20dc62cc') in 0.032504 seconds 
Number of asset objects unloaded after import = 43
========================================================================
Received Import Request.
  Time since last request: 0.000027 seconds.
  path: Assets/russian_buildings/prefabs/buildings/rus_build_5et_03e.prefab
  artifactKey: Guid(d90ea0162bb47b54d903c852a6d0f618) Importer(815301076,1909f56bfc062723c751e8b465ee728b)
Number of updated assets reloaded before import = 0
Start importing Assets/russian_buildings/prefabs/buildings/rus_build_5et_03e.prefab using Guid(d90ea0162bb47b54d903c852a6d0f618) Importer(815301076,1909f56bfc062723c751e8b465ee728b)  -> (artifact id: 'ecfd6faff71339af7d0bb6f698f0ef0a') in 0.023434 seconds 
Number of asset objects unloaded after import = 44
========================================================================
Received Import Request.
  Time since last request: 0.000031 seconds.
  path: Assets/russian_buildings/prefabs/buildings/rus_build_5et_03a.prefab
  artifactKey: Guid(53cc8692c5de61148b5301830771ad99) Importer(815301076,1909f56bfc062723c751e8b465ee728b)
Number of updated assets reloaded before import = 0
Start importing Assets/russian_buildings/prefabs/buildings/rus_build_5et_03a.prefab using Guid(53cc8692c5de61148b5301830771ad99) Importer(815301076,1909f56bfc062723c751e8b465ee728b)  -> (artifact id: 'f97d69af883d961f570915fbc972428d') in 0.025042 seconds 
Number of asset objects unloaded after import = 44
========================================================================
Received Import Request.
  Time since last request: 0.000033 seconds.
  path: Assets/russian_buildings/prefabs/buildings/rus_build_9et_03a.prefab
  artifactKey: Guid(b65f39ca66ec7fc4e8b39ef856a7125d) Importer(815301076,1909f56bfc062723c751e8b465ee728b)
Number of updated assets reloaded before import = 0
Start importing Assets/russian_buildings/prefabs/buildings/rus_build_9et_03a.prefab using Guid(b65f39ca66ec7fc4e8b39ef856a7125d) Importer(815301076,1909f56bfc062723c751e8b465ee728b)  -> (artifact id: 'c99adf3326e257ace628af0fa565f226') in 0.019895 seconds 
Number of asset objects unloaded after import = 52
========================================================================
Received Import Request.
  Time since last request: 0.000023 seconds.
  path: Assets/russian_buildings/prefabs/buildings/rus_build_2et_01b.prefab
  artifactKey: Guid(a121d32ef0a226a459036bdbc16455ea) Importer(815301076,1909f56bfc062723c751e8b465ee728b)
Number of updated assets reloaded before import = 0
Start importing Assets/russian_buildings/prefabs/buildings/rus_build_2et_01b.prefab using Guid(a121d32ef0a226a459036bdbc16455ea) Importer(815301076,1909f56bfc062723c751e8b465ee728b)  -> (artifact id: '0fb14fe2a577ae6530f9f383737913eb') in 0.023854 seconds 
Number of asset objects unloaded after import = 43
========================================================================
Received Import Request.
  Time since last request: 0.000029 seconds.
  path: Assets/russian_buildings/prefabs/buildings/rus_build_5et_04.prefab
  artifactKey: Guid(408af9f2b6062b4449d4b84d945fdd57) Importer(815301076,1909f56bfc062723c751e8b465ee728b)
Number of updated assets reloaded before import = 0
Start importing Assets/russian_buildings/prefabs/buildings/rus_build_5et_04.prefab using Guid(408af9f2b6062b4449d4b84d945fdd57) Importer(815301076,1909f56bfc062723c751e8b465ee728b)  -> (artifact id: '61e295caac214d4dcc41b4717865ffd3') in 0.021056 seconds 
Number of asset objects unloaded after import = 52
========================================================================
Received Import Request.
  Time since last request: 0.000021 seconds.
  path: Assets/russian_buildings/prefabs/buildings/rus_build_9et_02.prefab
  artifactKey: Guid(c44a70c086ff8184e8229c420d455f5b) Importer(815301076,1909f56bfc062723c751e8b465ee728b)
Number of updated assets reloaded before import = 0
Start importing Assets/russian_buildings/prefabs/buildings/rus_build_9et_02.prefab using Guid(c44a70c086ff8184e8229c420d455f5b) Importer(815301076,1909f56bfc062723c751e8b465ee728b)  -> (artifact id: '3a490cd40043a7e0039c7697e62c42b4') in 0.021260 seconds 
Number of asset objects unloaded after import = 52
========================================================================
Received Import Request.
  Time since last request: 0.000021 seconds.
  path: Assets/russian_buildings/prefabs/buildings/rus_build_2et_01c.prefab
  artifactKey: Guid(cfe372357392bfc49a631f6dfb62bbb1) Importer(815301076,1909f56bfc062723c751e8b465ee728b)
Number of updated assets reloaded before import = 0
Start importing Assets/russian_buildings/prefabs/buildings/rus_build_2et_01c.prefab using Guid(cfe372357392bfc49a631f6dfb62bbb1) Importer(815301076,1909f56bfc062723c751e8b465ee728b)  -> (artifact id: '892f34e8c89168370ffa6d1c283ca190') in 0.024832 seconds 
Number of asset objects unloaded after import = 43
========================================================================
Received Import Request.
  Time since last request: 0.000025 seconds.
  path: Assets/russian_buildings/prefabs/buildings/rus_build_5et_03.prefab
  artifactKey: Guid(30e869da5c345464eb905a3dfb869ad3) Importer(815301076,1909f56bfc062723c751e8b465ee728b)
Number of updated assets reloaded before import = 0
Start importing Assets/russian_buildings/prefabs/buildings/rus_build_5et_03.prefab using Guid(30e869da5c345464eb905a3dfb869ad3) Importer(815301076,1909f56bfc062723c751e8b465ee728b)  -> (artifact id: '932402bdf5955f67c6a6d5b912ac7e23') in 0.028124 seconds 
Number of asset objects unloaded after import = 44
========================================================================
Received Import Request.
  Time since last request: 0.000037 seconds.
  path: Assets/russian_buildings/prefabs/buildings/rus_build_5et_03c.prefab
  artifactKey: Guid(af379eb3bb200574a80c24d641fcf853) Importer(815301076,1909f56bfc062723c751e8b465ee728b)
Number of updated assets reloaded before import = 0
Start importing Assets/russian_buildings/prefabs/buildings/rus_build_5et_03c.prefab using Guid(af379eb3bb200574a80c24d641fcf853) Importer(815301076,1909f56bfc062723c751e8b465ee728b)  -> (artifact id: 'd0d2838efb5724cf1e541b37d043ddef') in 0.024075 seconds 
Number of asset objects unloaded after import = 44
========================================================================
Received Import Request.
  Time since last request: 0.000045 seconds.
  path: Assets/russian_buildings/prefabs/buildings/rus_build_9et_02b.prefab
  artifactKey: Guid(17ad28e3b260df24480db2f8dd6a7e09) Importer(815301076,1909f56bfc062723c751e8b465ee728b)
Number of updated assets reloaded before import = 0
Start importing Assets/russian_buildings/prefabs/buildings/rus_build_9et_02b.prefab using Guid(17ad28e3b260df24480db2f8dd6a7e09) Importer(815301076,1909f56bfc062723c751e8b465ee728b)  -> (artifact id: 'af65befdad0b013bcf5794cf6977236f') in 0.022900 seconds 
Number of asset objects unloaded after import = 52
========================================================================
Received Import Request.
  Time since last request: 0.000024 seconds.
  path: Assets/russian_buildings/prefabs/buildings/rus_build_5et_03d.prefab
  artifactKey: Guid(6e157f42486945e4ca027b80d70c0a5c) Importer(815301076,1909f56bfc062723c751e8b465ee728b)
Number of updated assets reloaded before import = 0
Start importing Assets/russian_buildings/prefabs/buildings/rus_build_5et_03d.prefab using Guid(6e157f42486945e4ca027b80d70c0a5c) Importer(815301076,1909f56bfc062723c751e8b465ee728b)  -> (artifact id: '019141e1e267548261adec9807c2d272') in 0.027024 seconds 
Number of asset objects unloaded after import = 44
========================================================================
Received Import Request.
  Time since last request: 0.000024 seconds.
  path: Assets/russian_buildings/prefabs/buildings/rus_build_5et_03b.prefab
  artifactKey: Guid(1f96f1899d54a8446b48d5a525237154) Importer(815301076,1909f56bfc062723c751e8b465ee728b)
Number of updated assets reloaded before import = 0
Start importing Assets/russian_buildings/prefabs/buildings/rus_build_5et_03b.prefab using Guid(1f96f1899d54a8446b48d5a525237154) Importer(815301076,1909f56bfc062723c751e8b465ee728b)  -> (artifact id: '4da749ea46cd1e2f6bdd0bd76dd4d69f') in 0.024982 seconds 
Number of asset objects unloaded after import = 44
========================================================================
Received Import Request.
  Time since last request: 0.000023 seconds.
  path: Assets/russian_buildings/prefabs/buildings/rus_build_9et_01b.prefab
  artifactKey: Guid(f8c03799d60ef1e4696251922cde2e33) Importer(815301076,1909f56bfc062723c751e8b465ee728b)
Number of updated assets reloaded before import = 0
Start importing Assets/russian_buildings/prefabs/buildings/rus_build_9et_01b.prefab using Guid(f8c03799d60ef1e4696251922cde2e33) Importer(815301076,1909f56bfc062723c751e8b465ee728b)  -> (artifact id: '23f1f31ca195e7e1332f0f4f3e051482') in 0.024159 seconds 
Number of asset objects unloaded after import = 49
========================================================================
Received Import Request.
  Time since last request: 0.000033 seconds.
  path: Assets/russian_buildings/prefabs/buildings/rus_build_5et_03f.prefab
  artifactKey: Guid(fd4517956020aa54989cd9a8a7e55b1b) Importer(815301076,1909f56bfc062723c751e8b465ee728b)
Number of updated assets reloaded before import = 0
Start importing Assets/russian_buildings/prefabs/buildings/rus_build_5et_03f.prefab using Guid(fd4517956020aa54989cd9a8a7e55b1b) Importer(815301076,1909f56bfc062723c751e8b465ee728b)  -> (artifact id: 'f5d7bf2af8d57745cde35558351a1b06') in 0.026465 seconds 
Number of asset objects unloaded after import = 44
========================================================================
Received Import Request.
  Time since last request: 0.000021 seconds.
  path: Assets/russian_buildings/prefabs/buildings/rus_build_9et_01a.prefab
  artifactKey: Guid(6f1e34f627ea823418d94ad9986dd468) Importer(815301076,1909f56bfc062723c751e8b465ee728b)
Number of updated assets reloaded before import = 0
Start importing Assets/russian_buildings/prefabs/buildings/rus_build_9et_01a.prefab using Guid(6f1e34f627ea823418d94ad9986dd468) Importer(815301076,1909f56bfc062723c751e8b465ee728b)  -> (artifact id: '66c8a2998d4fc4fe36ed5c58d49a5708') in 0.022537 seconds 
Number of asset objects unloaded after import = 49
========================================================================
Received Import Request.
  Time since last request: 0.000028 seconds.
  path: Assets/russian_buildings/prefabs/buildings/rus_build_5et_05.prefab
  artifactKey: Guid(462efeb944acff8449ca0adecdc9842d) Importer(815301076,1909f56bfc062723c751e8b465ee728b)
Number of updated assets reloaded before import = 0
Start importing Assets/russian_buildings/prefabs/buildings/rus_build_5et_05.prefab using Guid(462efeb944acff8449ca0adecdc9842d) Importer(815301076,1909f56bfc062723c751e8b465ee728b)  -> (artifact id: '948b616efb6ac0a7b6540e45b3479021') in 0.025463 seconds 
Number of asset objects unloaded after import = 47
========================================================================
Received Import Request.
  Time since last request: 0.000021 seconds.
  path: Assets/russian_buildings/prefabs/buildings/rus_build_5et_01a.prefab
  artifactKey: Guid(cf782ee04eec8b34bb78b9bcf9dab92a) Importer(815301076,1909f56bfc062723c751e8b465ee728b)
Number of updated assets reloaded before import = 0
Start importing Assets/russian_buildings/prefabs/buildings/rus_build_5et_01a.prefab using Guid(cf782ee04eec8b34bb78b9bcf9dab92a) Importer(815301076,1909f56bfc062723c751e8b465ee728b)  -> (artifact id: '3735303ff3d3fae9102d33f8caf77065') in 0.026011 seconds 
Number of asset objects unloaded after import = 43
========================================================================
Received Prepare
Begin MonoManager ReloadAssembly
Symbol file LoadedFromMemory doesn't match image C:\Users\rowan\Documents\Unity Projects\OutOfTheHood\AirportV2\Library\PackageCache\com.unity.visualscripting@1.8.0\Editor\VisualScripting.Core\Dependencies\YamlDotNet\Unity.VisualScripting.YamlDotNet.dll
Symbol file LoadedFromMemory doesn't match image C:\Users\rowan\Documents\Unity Projects\OutOfTheHood\AirportV2\Library\PackageCache\com.unity.visualscripting@1.8.0\Editor\VisualScripting.Core\Dependencies\DotNetZip\Unity.VisualScripting.IonicZip.dll
- Loaded All Assemblies, in  0.883 seconds
Refreshing native plugins compatible for Editor in 3.94 ms, found 3 plugins.
Native extension for WindowsStandalone target not found
[MODES] ModeService[none].Initialize
[MODES] ModeService[none].LoadModes
[MODES] Loading mode Default (0) for mode-current-id-Airport
[Package Manager] Server::EnsureServerProcessIsRunning -- launch failed, reason: Unity was launched with the -noUpm command-line argument
[Package Manager] UpmClient::Send -- Unable to send message (not connected to UPM process).
[Package Manager] Cannot connect to Unity Package Manager local server
Mono: successfully reloaded assembly
- Finished resetting the current domain, in  1.594 seconds
Domain Reload Profiling:
	ReloadAssembly (240ms)
		BeginReloadAssembly (182ms)
			ExecutionOrderSort (0ms)
			DisableScriptedObjects (28ms)
			BackupInstance (0ms)
			ReleaseScriptingObjects (0ms)
			CreateAndSetChildDomain (56ms)
		LoadAllAssembliesAndSetupDomain (640ms)
			LoadAssemblies (86ms)
			RebuildTransferFunctionScriptingTraits (0ms)
			SetupTypeCache (595ms)
				TypeCache.Initialize (293ms)
					TypeCache.ScanAssembly (287ms)
				ResolveRequiredComponents (11ms)
		FinalizeReload (0ms)
			ReleaseScriptCaches (0ms)
			RebuildScriptCaches (0ms)
			SetupLoadedEditorAssemblies (687ms)
				LogAssemblyErrors (0ms)
				InitializePlatformSupportModulesInManaged (14ms)
				SetLoadedEditorAssemblies (8ms)
				RefreshPlugins (0ms)
				BeforeProcessingInitializeOnLoad (96ms)
				ProcessInitializeOnLoadAttributes (526ms)
				ProcessInitializeOnLoadMethodAttributes (36ms)
				AfterProcessingInitializeOnLoad (7ms)
				EditorAssembliesLoaded (0ms)
			ExecutionOrderSort2 (0ms)
			AwakeInstancesAfterBackupRestoration (57ms)
Refreshing native plugins compatible for Editor in 6.77 ms, found 3 plugins.
Preloading 0 native plugins for Editor in 0.00 ms.
Unloading 6857 Unused Serialized files (Serialized files now loaded: 0)
Unloading 52 unused Assets / (3.6 MB). Loaded Objects now: 8034.
Memory consumption went from 1.11 GB to 1.11 GB.
Total: 7.859300 ms (FindLiveObjects: 1.011900 ms CreateObjectMapping: 0.782700 ms MarkObjects: 4.840600 ms  DeleteObjects: 1.223100 ms)

AssetImportParameters requested are different than current active one (requested -> active):
  custom:container-demuxer-ogg: 62fdf1f143b41e24485cea50d1cbac27 -> 
  custom:framework-win-MediaFoundation: 216162199b28c13a410421893ffa2e32 -> 
  custom:container-muxer-webm: aa71ff27fc2769a1b78a27578f13a17b -> 
  custom:video-decoder-webm-vp8: 9c59270c3fd7afecdb556c50c9e8de78 -> 
  custom:AudioImporter_EditorPlatform: d09bf68614088b80899f8185d706f6e7 -> 
  custom:audio-decoder-ogg-vorbis: bf7c407c2cedff20999df2af8eb42d56 -> 
  custom:audio-encoder-webm-vorbis: bf7c407c2cedff20999df2af8eb42d56 -> 
  custom:video-decoder-ogg-theora: a1e56fd34408186e4bbccfd4996cb3dc -> 
  custom:container-demuxer-webm: 4f35f7cbe854078d1ac9338744f61a02 -> 
  custom:video-encoder-webm-vp8: eb34c28f22e8b96e1ab97ce403110664 -> 
========================================================================
Received Import Request.
  Time since last request: 564.869813 seconds.
  path: Assets/HDRP_Oak_Tree/Models/Oak/Oak_1_5.fbx
  artifactKey: Guid(5b2c75249d8cf924f8eed16cc0b174c8) Importer(815301076,1909f56bfc062723c751e8b465ee728b)
Number of updated assets reloaded before import = 0
Start importing Assets/HDRP_Oak_Tree/Models/Oak/Oak_1_5.fbx using Guid(5b2c75249d8cf924f8eed16cc0b174c8) Importer(815301076,1909f56bfc062723c751e8b465ee728b)  -> (artifact id: '2fd621c15166fbe56d193b0fafd225f7') in 0.940224 seconds 
Number of asset objects unloaded after import = 17
========================================================================
Received Import Request.
  Time since last request: 275.985443 seconds.
  path: Assets/HQ Hangar Free/Textures/Concrete_floor/Concrete_floor_smooth_BaseMap.png
  artifactKey: Guid(a43c5d7d690fc714aa33b31bee75ea75) Importer(815301076,1909f56bfc062723c751e8b465ee728b)
Number of updated assets reloaded before import = 0
Start importing Assets/HQ Hangar Free/Textures/Concrete_floor/Concrete_floor_smooth_BaseMap.png using Guid(a43c5d7d690fc714aa33b31bee75ea75) Importer(815301076,1909f56bfc062723c751e8b465ee728b)  -> (artifact id: '8f8633fe50d6a6bbf3d338cc35026dd7') in 0.019347 seconds 
Number of asset objects unloaded after import = 2
========================================================================
Received Import Request.
  Time since last request: 0.000046 seconds.
  path: Assets/Old Hangar/Materials/Textures/Concrete_Tex.png
  artifactKey: Guid(1541fd7fa514c5744bb8d7cdbc524857) Importer(815301076,1909f56bfc062723c751e8b465ee728b)
Number of updated assets reloaded before import = 0
Start importing Assets/Old Hangar/Materials/Textures/Concrete_Tex.png using Guid(1541fd7fa514c5744bb8d7cdbc524857) Importer(815301076,1909f56bfc062723c751e8b465ee728b)  -> (artifact id: '8cc09f2fe40b3c35f1ba31ea414e5925') in 0.011776 seconds 
Number of asset objects unloaded after import = 2
========================================================================
Received Import Request.
  Time since last request: 0.000035 seconds.
  path: Assets/HQ Hangar Free/Textures/Concrete_floor/Concrete_floor_smooth_Normal.png
  artifactKey: Guid(0c2961dfca701aa45b8b7e630d8ac1d0) Importer(815301076,1909f56bfc062723c751e8b465ee728b)
Number of updated assets reloaded before import = 0
Start importing Assets/HQ Hangar Free/Textures/Concrete_floor/Concrete_floor_smooth_Normal.png using Guid(0c2961dfca701aa45b8b7e630d8ac1d0) Importer(815301076,1909f56bfc062723c751e8b465ee728b)  -> (artifact id: 'bfe8e6b22b3357913ce680deb7e83d91') in 0.017542 seconds 
Number of asset objects unloaded after import = 2
========================================================================
Received Import Request.
  Time since last request: 0.000029 seconds.
  path: Packages/com.unity.timeline/Editor/StyleSheets/Images/LightSkin/TimelineIconClipOut.png
  artifactKey: Guid(a7a968b204ed77c4ba90be3ef3ee8551) Importer(815301076,1909f56bfc062723c751e8b465ee728b)
Number of updated assets reloaded before import = 0
Start importing Packages/com.unity.timeline/Editor/StyleSheets/Images/LightSkin/TimelineIconClipOut.png using Guid(a7a968b204ed77c4ba90be3ef3ee8551) Importer(815301076,1909f56bfc062723c751e8b465ee728b)  -> (artifact id: '1e3c8c94d3bd230abcab7dd83691349c') in 0.010547 seconds 
Number of asset objects unloaded after import = 2
========================================================================
Received Import Request.
  Time since last request: 0.000034 seconds.
  path: Packages/com.unity.timeline/Editor/StyleSheets/Images/DarkSkin/TimelineIconClipIn.png
  artifactKey: Guid(ab1e2f0dfb0df5e40bb95359b3d8ed3a) Importer(815301076,1909f56bfc062723c751e8b465ee728b)
Number of updated assets reloaded before import = 0
Start importing Packages/com.unity.timeline/Editor/StyleSheets/Images/DarkSkin/TimelineIconClipIn.png using Guid(ab1e2f0dfb0df5e40bb95359b3d8ed3a) Importer(815301076,1909f56bfc062723c751e8b465ee728b)  -> (artifact id: 'b96ad522348ac4bc0a9bbc1c3d1e1973') in 0.010908 seconds 
Number of asset objects unloaded after import = 2
Editor requested this worker to shutdown with reason: Scaling down because of idle timeout
TcpMessagingSession - receive error: operation aborted. errorcode: 995, details: Lopration dentre/sortie a t abandonne en raison de larrt dun thread ou  la demande dune application.
AssetImportWorker is now disconnected from the server
Process exiting
Exiting without the bug reporter. Application will terminate with return code 0